[2021-12-21 07:28:39] local.ERROR: SQLSTATE[42S02]: Base table or view not found: 1146 Table 'homestead.moissanite' doesn't exist (SQL: select * from `moissanite`) {"exception":"[object] (Illuminate\\Database\\QueryException(code: 42S02): SQLSTATE[42S02]: Base table or view not found: 1146 Table 'homestead.moissanite' doesn't exist (SQL: select * from `moissanite`) at /Users/trimuerisandes/PhpstormProjects/devel_exceljewellers/vendor/laravel/framework/src/Illuminate/Database/Connection.php:664, Doctrine\\DBAL\\Driver\\PDO\\Exception(code: 42S02): SQLSTATE[42S02]: Base table or view not found: 1146 Table 'homestead.moissanite' doesn't exist at /Users/trimuerisandes/PhpstormProjects/devel_exceljewellers/vendor/doctrine/dbal/lib/Doctrine/DBAL/Driver/PDO/Exception.php:18, PDOException(code: 42S02): SQLSTATE[42S02]: Base table or view not found: 1146 Table 'homestead.moissanite' doesn't exist at /Users/trimuerisandes/PhpstormProjects/devel_exceljewellers/vendor/doctrine/dbal/lib/Doctrine/DBAL/Driver/PDOConnection.php:79)
[stacktrace]
#0 /Users/trimuerisandes/PhpstormProjects/devel_exceljewellers/vendor/laravel/framework/src/Illuminate/Database/Connection.php(624): Illuminate\\Database\\Connection->runQueryCallback('select * from `...', Array, Object(Closure))
#1 /Users/trimuerisandes/PhpstormProjects/devel_exceljewellers/vendor/laravel/framework/src/Illuminate/Database/Connection.php(333): Illuminate\\Database\\Connection->run('select * from `...', Array, Object(Closure))
#2 /Users/trimuerisandes/PhpstormProjects/devel_exceljewellers/vendor/laravel/framework/src/Illuminate/Database/Query/Builder.php(2130): Illuminate\\Database\\Connection->select('select * from `...', Array, true)
#3 /Users/trimuerisandes/PhpstormProjects/devel_exceljewellers/vendor/laravel/framework/src/Illuminate/Database/Query/Builder.php(2118): Illuminate\\Database\\Query\\Builder->runSelect()
#4 /Users/trimuerisandes/PhpstormProjects/devel_exceljewellers/vendor/laravel/framework/src/Illuminate/Database/Query/Builder.php(2604): Illuminate\\Database\\Query\\Builder->Illuminate\\Database\\Query\\{closure}()
#5 /Users/trimuerisandes/PhpstormProjects/devel_exceljewellers/vendor/laravel/framework/src/Illuminate/Database/Query/Builder.php(2119): Illuminate\\Database\\Query\\Builder->onceWithColumns(Array, Object(Closure))
#6 /Users/trimuerisandes/PhpstormProjects/devel_exceljewellers/app/Http/Controllers/JewelleryController.php(639): Illuminate\\Database\\Query\\Builder->get()
#7 [internal function]: App\\Http\\Controllers\\JewelleryController->moissanite(Object(Illuminate\\Http\\Request))
#8 /Users/trimuerisandes/PhpstormProjects/devel_exceljewellers/vendor/laravel/framework/src/Illuminate/Routing/Controller.php(54): call_user_func_array(Array, Array)
#9 /Users/trimuerisandes/PhpstormProjects/devel_exceljewellers/vendor/laravel/framework/src/Illuminate/Routing/ControllerDispatcher.php(45): Illuminate\\Routing\\Controller->callAction('moissanite', Array)
#10 /Users/trimuerisandes/PhpstormProjects/devel_exceljewellers/vendor/laravel/framework/src/Illuminate/Routing/Route.php(219): Illuminate\\Routing\\ControllerDispatcher->dispatch(Object(Illuminate\\Routing\\Route), Object(App\\Http\\Controllers\\JewelleryController), 'moissanite')
#11 /Users/trimuerisandes/PhpstormProjects/devel_exceljewellers/vendor/laravel/framework/src/Illuminate/Routing/Route.php(176): Illuminate\\Routing\\Route->runController()
#12 /Users/trimuerisandes/PhpstormProjects/devel_exceljewellers/vendor/laravel/framework/src/Illuminate/Routing/Router.php(680): Illuminate\\Routing\\Route->run()
#13 /Users/trimuerisandes/PhpstormProjects/devel_exceljewellers/vendor/laravel/framework/src/Illuminate/Routing/Pipeline.php(30): Illuminate\\Routing\\Router->Illuminate\\Routing\\{closure}(Object(Illuminate\\Http\\Request))
#14 /Users/trimuerisandes/PhpstormProjects/devel_exceljewellers/vendor/laravel/framework/src/Illuminate/Routing/Middleware/SubstituteBindings.php(41): Illuminate\\Routing\\Pipeline->Illuminate\\Routing\\{closure}(Object(Illuminate\\Http\\Request))
#15 /Users/trimuerisandes/PhpstormProjects/devel_exceljewellers/vendor/laravel/framework/src/Illuminate/Pipeline/Pipeline.php(163): Illuminate\\Routing\\Middleware\\SubstituteBindings->handle(Object(Illuminate\\Http\\Request), Object(Closure))
#16 /Users/trimuerisandes/PhpstormProjects/devel_exceljewellers/vendor/laravel/framework/src/Illuminate/Routing/Pipeline.php(53): Illuminate\\Pipeline\\Pipeline->Illuminate\\Pipeline\\{closure}(Object(Illuminate\\Http\\Request))
#17 /Users/trimuerisandes/PhpstormProjects/devel_exceljewellers/vendor/laravel/framework/src/Illuminate/Foundation/Http/Middleware/VerifyCsrfToken.php(75): Illuminate\\Routing\\Pipeline->Illuminate\\Routing\\{closure}(Object(Illuminate\\Http\\Request))
#18 /Users/trimuerisandes/PhpstormProjects/devel_exceljewellers/vendor/laravel/framework/src/Illuminate/Pipeline/Pipeline.php(163): Illuminate\\Foundation\\Http\\Middleware\\VerifyCsrfToken->handle(Object(Illuminate\\Http\\Request), Object(Closure))
#19 /Users/trimuerisandes/PhpstormProjects/devel_exceljewellers/vendor/laravel/framework/src/Illuminate/Routing/Pipeline.php(53): Illuminate\\Pipeline\\Pipeline->Illuminate\\Pipeline\\{closure}(Object(Illuminate\\Http\\Request))
#20 /Users/trimuerisandes/PhpstormProjects/devel_exceljewellers/vendor/laravel/framework/src/Illuminate/View/Middleware/ShareErrorsFromSession.php(49): Illuminate\\Routing\\Pipeline->Illuminate\\Routing\\{closure}(Object(Illuminate\\Http\\Request))
#21 /Users/trimuerisandes/PhpstormProjects/devel_exceljewellers/vendor/laravel/framework/src/Illuminate/Pipeline/Pipeline.php(163): Illuminate\\View\\Middleware\\ShareErrorsFromSession->handle(Object(Illuminate\\Http\\Request), Object(Closure))
#22 /Users/trimuerisandes/PhpstormProjects/devel_exceljewellers/vendor/laravel/framework/src/Illuminate/Routing/Pipeline.php(53): Illuminate\\Pipeline\\Pipeline->Illuminate\\Pipeline\\{closure}(Object(Illuminate\\Http\\Request))
#23 /Users/trimuerisandes/PhpstormProjects/devel_exceljewellers/vendor/laravel/framework/src/Illuminate/Session/Middleware/StartSession.php(56): Illuminate\\Routing\\Pipeline->Illuminate\\Routing\\{closure}(Object(Illuminate\\Http\\Request))
#24 /Users/trimuerisandes/PhpstormProjects/devel_exceljewellers/vendor/laravel/framework/src/Illuminate/Pipeline/Pipeline.php(163): Illuminate\\Session\\Middleware\\StartSession->handle(Object(Illuminate\\Http\\Request), Object(Closure))
#25 /Users/trimuerisandes/PhpstormProjects/devel_exceljewellers/vendor/laravel/framework/src/Illuminate/Routing/Pipeline.php(53): Illuminate\\Pipeline\\Pipeline->Illuminate\\Pipeline\\{closure}(Object(Illuminate\\Http\\Request))
#26 /Users/trimuerisandes/PhpstormProjects/devel_exceljewellers/vendor/laravel/framework/src/Illuminate/Cookie/Middleware/AddQueuedCookiesToResponse.php(37): Illuminate\\Routing\\Pipeline->Illuminate\\Routing\\{closure}(Object(Illuminate\\Http\\Request))
#27 /Users/trimuerisandes/PhpstormProjects/devel_exceljewellers/vendor/laravel/framework/src/Illuminate/Pipeline/Pipeline.php(163): Illuminate\\Cookie\\Middleware\\AddQueuedCookiesToResponse->handle(Object(Illuminate\\Http\\Request), Object(Closure))
#28 /Users/trimuerisandes/PhpstormProjects/devel_exceljewellers/vendor/laravel/framework/src/Illuminate/Routing/Pipeline.php(53): Illuminate\\Pipeline\\Pipeline->Illuminate\\Pipeline\\{closure}(Object(Illuminate\\Http\\Request))
#29 /Users/trimuerisandes/PhpstormProjects/devel_exceljewellers/vendor/laravel/framework/src/Illuminate/Cookie/Middleware/EncryptCookies.php(66): Illuminate\\Routing\\Pipeline->Illuminate\\Routing\\{closure}(Object(Illuminate\\Http\\Request))
#30 /Users/trimuerisandes/PhpstormProjects/devel_exceljewellers/vendor/laravel/framework/src/Illuminate/Pipeline/Pipeline.php(163): Illuminate\\Cookie\\Middleware\\EncryptCookies->handle(Object(Illuminate\\Http\\Request), Object(Closure))
#31 /Users/trimuerisandes/PhpstormProjects/devel_exceljewellers/vendor/laravel/framework/src/Illuminate/Routing/Pipeline.php(53): Illuminate\\Pipeline\\Pipeline->Illuminate\\Pipeline\\{closure}(Object(Illuminate\\Http\\Request))
#32 /Users/trimuerisandes/PhpstormProjects/devel_exceljewellers/vendor/laravel/framework/src/Illuminate/Pipeline/Pipeline.php(104): Illuminate\\Routing\\Pipeline->Illuminate\\Routing\\{closure}(Object(Illuminate\\Http\\Request))
#33 /Users/trimuerisandes/PhpstormProjects/devel_exceljewellers/vendor/laravel/framework/src/Illuminate/Routing/Router.php(682): Illuminate\\Pipeline\\Pipeline->then(Object(Closure))
#34 /Users/trimuerisandes/PhpstormProjects/devel_exceljewellers/vendor/laravel/framework/src/Illuminate/Routing/Router.php(657): Illuminate\\Routing\\Router->runRouteWithinStack(Object(Illuminate\\Routing\\Route), Object(Illuminate\\Http\\Request))
#35 /Users/trimuerisandes/PhpstormProjects/devel_exceljewellers/vendor/laravel/framework/src/Illuminate/Routing/Router.php(623): Illuminate\\Routing\\Router->runRoute(Object(Illuminate\\Http\\Request), Object(Illuminate\\Routing\\Route))
#36 /Users/trimuerisandes/PhpstormProjects/devel_exceljewellers/vendor/laravel/framework/src/Illuminate/Routing/Router.php(612): Illuminate\\Routing\\Router->dispatchToRoute(Object(Illuminate\\Http\\Request))
#37 /Users/trimuerisandes/PhpstormProjects/devel_exceljewellers/vendor/laravel/framework/src/Illuminate/Foundation/Http/Kernel.php(176): Illuminate\\Routing\\Router->dispatch(Object(Illuminate\\Http\\Request))
#38 /Users/trimuerisandes/PhpstormProjects/devel_exceljewellers/vendor/laravel/framework/src/Illuminate/Routing/Pipeline.php(30): Illuminate\\Foundation\\Http\\Kernel->Illuminate\\Foundation\\Http\\{closure}(Object(Illuminate\\Http\\Request))
#39 /Users/trimuerisandes/PhpstormProjects/devel_exceljewellers/vendor/fideloper/proxy/src/TrustProxies.php(57): Illuminate\\Routing\\Pipeline->Illuminate\\Routing\\{closure}(Object(Illuminate\\Http\\Request))
#40 /Users/trimuerisandes/PhpstormProjects/devel_exceljewellers/vendor/laravel/framework/src/Illuminate/Pipeline/Pipeline.php(163): Fideloper\\Proxy\\TrustProxies->handle(Object(Illuminate\\Http\\Request), Object(Closure))
#41 /Users/trimuerisandes/PhpstormProjects/devel_exceljewellers/vendor/laravel/framework/src/Illuminate/Routing/Pipeline.php(53): Illuminate\\Pipeline\\Pipeline->Illuminate\\Pipeline\\{closure}(Object(Illuminate\\Http\\Request))
#42 /Users/trimuerisandes/PhpstormProjects/devel_exceljewellers/vendor/laravel/framework/src/Illuminate/Foundation/Http/Middleware/TransformsRequest.php(21): Illuminate\\Routing\\Pipeline->Illuminate\\Routing\\{closure}(Object(Illuminate\\Http\\Request))
#43 /Users/trimuerisandes/PhpstormProjects/devel_exceljewellers/vendor/laravel/framework/src/Illuminate/Pipeline/Pipeline.php(163): Illuminate\\Foundation\\Http\\Middleware\\TransformsRequest->handle(Object(Illuminate\\Http\\Request), Object(Closure))
#44 /Users/trimuerisandes/PhpstormProjects/devel_exceljewellers/vendor/laravel/framework/src/Illuminate/Routing/Pipeline.php(53): Illuminate\\Pipeline\\Pipeline->Illuminate\\Pipeline\\{closure}(Object(Illuminate\\Http\\Request))
#45 /Users/trimuerisandes/PhpstormProjects/devel_exceljewellers/vendor/laravel/framework/src/Illuminate/Foundation/Http/Middleware/TransformsRequest.php(21): Illuminate\\Routing\\Pipeline->Illuminate\\Routing\\{closure}(Object(Illuminate\\Http\\Request))
#46 /Users/trimuerisandes/PhpstormProjects/devel_exceljewellers/vendor/laravel/framework/src/Illuminate/Pipeline/Pipeline.php(163): Illuminate\\Foundation\\Http\\Middleware\\TransformsRequest->handle(Object(Illuminate\\Http\\Request), Object(Closure))
#47 /Users/trimuerisandes/PhpstormProjects/devel_exceljewellers/vendor/laravel/framework/src/Illuminate/Routing/Pipeline.php(53): Illuminate\\Pipeline\\Pipeline->Illuminate\\Pipeline\\{closure}(Object(Illuminate\\Http\\Request))
#48 /Users/trimuerisandes/PhpstormProjects/devel_exceljewellers/vendor/laravel/framework/src/Illuminate/Foundation/Http/Middleware/ValidatePostSize.php(27): Illuminate\\Routing\\Pipeline->Illuminate\\Routing\\{closure}(Object(Illuminate\\Http\\Request))
#49 /Users/trimuerisandes/PhpstormProjects/devel_exceljewellers/vendor/laravel/framework/src/Illuminate/Pipeline/Pipeline.php(163): Illuminate\\Foundation\\Http\\Middleware\\ValidatePostSize->handle(Object(Illuminate\\Http\\Request), Object(Closure))
#50 /Users/trimuerisandes/PhpstormProjects/devel_exceljewellers/vendor/laravel/framework/src/Illuminate/Routing/Pipeline.php(53): Illuminate\\Pipeline\\Pipeline->Illuminate\\Pipeline\\{closure}(Object(Illuminate\\Http\\Request))
#51 /Users/trimuerisandes/PhpstormProjects/devel_exceljewellers/vendor/laravel/framework/src/Illuminate/Foundation/Http/Middleware/CheckForMaintenanceMode.php(62): Illuminate\\Routing\\Pipeline->Illuminate\\Routing\\{closure}(Object(Illuminate\\Http\\Request))
#52 /Users/trimuerisandes/PhpstormProjects/devel_exceljewellers/vendor/laravel/framework/src/Illuminate/Pipeline/Pipeline.php(163): Illuminate\\Foundation\\Http\\Middleware\\CheckForMaintenanceMode->handle(Object(Illuminate\\Http\\Request), Object(Closure))
#53 /Users/trimuerisandes/PhpstormProjects/devel_exceljewellers/vendor/laravel/framework/src/Illuminate/Routing/Pipeline.php(53): Illuminate\\Pipeline\\Pipeline->Illuminate\\Pipeline\\{closure}(Object(Illuminate\\Http\\Request))
#54 /Users/trimuerisandes/PhpstormProjects/devel_exceljewellers/vendor/laravel/framework/src/Illuminate/Pipeline/Pipeline.php(104): Illuminate\\Routing\\Pipeline->Illuminate\\Routing\\{closure}(Object(Illuminate\\Http\\Request))
#55 /Users/trimuerisandes/PhpstormProjects/devel_exceljewellers/vendor/laravel/framework/src/Illuminate/Foundation/Http/Kernel.php(151): Illuminate\\Pipeline\\Pipeline->then(Object(Closure))
#56 /Users/trimuerisandes/PhpstormProjects/devel_exceljewellers/vendor/laravel/framework/src/Illuminate/Foundation/Http/Kernel.php(116): Illuminate\\Foundation\\Http\\Kernel->sendRequestThroughRouter(Object(Illuminate\\Http\\Request))
#57 /Users/trimuerisandes/PhpstormProjects/devel_exceljewellers/public/index.php(55): Illuminate\\Foundation\\Http\\Kernel->handle(Object(Illuminate\\Http\\Request))
#58 /Users/trimuerisandes/PhpstormProjects/devel_exceljewellers/server.php(21): require_once('/Users/trimueri...')
#59 {main}
"} 
[2021-12-21 07:58:35] local.ERROR: SQLSTATE[42S02]: Base table or view not found: 1146 Table 'homestead.natural_diamonds' doesn't exist (SQL: select max(`price`) as aggregate from `natural_diamonds`) {"exception":"[object] (Illuminate\\Database\\QueryException(code: 42S02): SQLSTATE[42S02]: Base table or view not found: 1146 Table 'homestead.natural_diamonds' doesn't exist (SQL: select max(`price`) as aggregate from `natural_diamonds`) at /Users/trimuerisandes/PhpstormProjects/devel_exceljewellers/vendor/laravel/framework/src/Illuminate/Database/Connection.php:664, Doctrine\\DBAL\\Driver\\PDO\\Exception(code: 42S02): SQLSTATE[42S02]: Base table or view not found: 1146 Table 'homestead.natural_diamonds' doesn't exist at /Users/trimuerisandes/PhpstormProjects/devel_exceljewellers/vendor/doctrine/dbal/lib/Doctrine/DBAL/Driver/PDO/Exception.php:18, PDOException(code: 42S02): SQLSTATE[42S02]: Base table or view not found: 1146 Table 'homestead.natural_diamonds' doesn't exist at /Users/trimuerisandes/PhpstormProjects/devel_exceljewellers/vendor/doctrine/dbal/lib/Doctrine/DBAL/Driver/PDOConnection.php:79)
[stacktrace]
#0 /Users/trimuerisandes/PhpstormProjects/devel_exceljewellers/vendor/laravel/framework/src/Illuminate/Database/Connection.php(624): Illuminate\\Database\\Connection->runQueryCallback('select max(`pri...', Array, Object(Closure))
#1 /Users/trimuerisandes/PhpstormProjects/devel_exceljewellers/vendor/laravel/framework/src/Illuminate/Database/Connection.php(333): Illuminate\\Database\\Connection->run('select max(`pri...', Array, Object(Closure))
#2 /Users/trimuerisandes/PhpstormProjects/devel_exceljewellers/vendor/laravel/framework/src/Illuminate/Database/Query/Builder.php(2130): Illuminate\\Database\\Connection->select('select max(`pri...', Array, true)
#3 /Users/trimuerisandes/PhpstormProjects/devel_exceljewellers/vendor/laravel/framework/src/Illuminate/Database/Query/Builder.php(2118): Illuminate\\Database\\Query\\Builder->runSelect()
#4 /Users/trimuerisandes/PhpstormProjects/devel_exceljewellers/vendor/laravel/framework/src/Illuminate/Database/Query/Builder.php(2604): Illuminate\\Database\\Query\\Builder->Illuminate\\Database\\Query\\{closure}()
#5 /Users/trimuerisandes/PhpstormProjects/devel_exceljewellers/vendor/laravel/framework/src/Illuminate/Database/Query/Builder.php(2119): Illuminate\\Database\\Query\\Builder->onceWithColumns(Array, Object(Closure))
#6 /Users/trimuerisandes/PhpstormProjects/devel_exceljewellers/vendor/laravel/framework/src/Illuminate/Database/Query/Builder.php(2531): Illuminate\\Database\\Query\\Builder->get(Array)
#7 /Users/trimuerisandes/PhpstormProjects/devel_exceljewellers/vendor/laravel/framework/src/Illuminate/Database/Query/Builder.php(2481): Illuminate\\Database\\Query\\Builder->aggregate('max', Array)
#8 /Users/trimuerisandes/PhpstormProjects/devel_exceljewellers/app/Http/Controllers/JewelleryController.php(792): Illuminate\\Database\\Query\\Builder->max('price')
#9 [internal function]: App\\Http\\Controllers\\JewelleryController->diamonds(Object(Illuminate\\Http\\Request))
#10 /Users/trimuerisandes/PhpstormProjects/devel_exceljewellers/vendor/laravel/framework/src/Illuminate/Routing/Controller.php(54): call_user_func_array(Array, Array)
#11 /Users/trimuerisandes/PhpstormProjects/devel_exceljewellers/vendor/laravel/framework/src/Illuminate/Routing/ControllerDispatcher.php(45): Illuminate\\Routing\\Controller->callAction('diamonds', Array)
#12 /Users/trimuerisandes/PhpstormProjects/devel_exceljewellers/vendor/laravel/framework/src/Illuminate/Routing/Route.php(219): Illuminate\\Routing\\ControllerDispatcher->dispatch(Object(Illuminate\\Routing\\Route), Object(App\\Http\\Controllers\\JewelleryController), 'diamonds')
#13 /Users/trimuerisandes/PhpstormProjects/devel_exceljewellers/vendor/laravel/framework/src/Illuminate/Routing/Route.php(176): Illuminate\\Routing\\Route->runController()
#14 /Users/trimuerisandes/PhpstormProjects/devel_exceljewellers/vendor/laravel/framework/src/Illuminate/Routing/Router.php(680): Illuminate\\Routing\\Route->run()
#15 /Users/trimuerisandes/PhpstormProjects/devel_exceljewellers/vendor/laravel/framework/src/Illuminate/Routing/Pipeline.php(30): Illuminate\\Routing\\Router->Illuminate\\Routing\\{closure}(Object(Illuminate\\Http\\Request))
#16 /Users/trimuerisandes/PhpstormProjects/devel_exceljewellers/vendor/laravel/framework/src/Illuminate/Routing/Middleware/SubstituteBindings.php(41): Illuminate\\Routing\\Pipeline->Illuminate\\Routing\\{closure}(Object(Illuminate\\Http\\Request))
#17 /Users/trimuerisandes/PhpstormProjects/devel_exceljewellers/vendor/laravel/framework/src/Illuminate/Pipeline/Pipeline.php(163): Illuminate\\Routing\\Middleware\\SubstituteBindings->handle(Object(Illuminate\\Http\\Request), Object(Closure))
#18 /Users/trimuerisandes/PhpstormProjects/devel_exceljewellers/vendor/laravel/framework/src/Illuminate/Routing/Pipeline.php(53): Illuminate\\Pipeline\\Pipeline->Illuminate\\Pipeline\\{closure}(Object(Illuminate\\Http\\Request))
#19 /Users/trimuerisandes/PhpstormProjects/devel_exceljewellers/vendor/laravel/framework/src/Illuminate/Foundation/Http/Middleware/VerifyCsrfToken.php(75): Illuminate\\Routing\\Pipeline->Illuminate\\Routing\\{closure}(Object(Illuminate\\Http\\Request))
#20 /Users/trimuerisandes/PhpstormProjects/devel_exceljewellers/vendor/laravel/framework/src/Illuminate/Pipeline/Pipeline.php(163): Illuminate\\Foundation\\Http\\Middleware\\VerifyCsrfToken->handle(Object(Illuminate\\Http\\Request), Object(Closure))
#21 /Users/trimuerisandes/PhpstormProjects/devel_exceljewellers/vendor/laravel/framework/src/Illuminate/Routing/Pipeline.php(53): Illuminate\\Pipeline\\Pipeline->Illuminate\\Pipeline\\{closure}(Object(Illuminate\\Http\\Request))
#22 /Users/trimuerisandes/PhpstormProjects/devel_exceljewellers/vendor/laravel/framework/src/Illuminate/View/Middleware/ShareErrorsFromSession.php(49): Illuminate\\Routing\\Pipeline->Illuminate\\Routing\\{closure}(Object(Illuminate\\Http\\Request))
#23 /Users/trimuerisandes/PhpstormProjects/devel_exceljewellers/vendor/laravel/framework/src/Illuminate/Pipeline/Pipeline.php(163): Illuminate\\View\\Middleware\\ShareErrorsFromSession->handle(Object(Illuminate\\Http\\Request), Object(Closure))
#24 /Users/trimuerisandes/PhpstormProjects/devel_exceljewellers/vendor/laravel/framework/src/Illuminate/Routing/Pipeline.php(53): Illuminate\\Pipeline\\Pipeline->Illuminate\\Pipeline\\{closure}(Object(Illuminate\\Http\\Request))
#25 /Users/trimuerisandes/PhpstormProjects/devel_exceljewellers/vendor/laravel/framework/src/Illuminate/Session/Middleware/StartSession.php(56): Illuminate\\Routing\\Pipeline->Illuminate\\Routing\\{closure}(Object(Illuminate\\Http\\Request))
#26 /Users/trimuerisandes/PhpstormProjects/devel_exceljewellers/vendor/laravel/framework/src/Illuminate/Pipeline/Pipeline.php(163): Illuminate\\Session\\Middleware\\StartSession->handle(Object(Illuminate\\Http\\Request), Object(Closure))
#27 /Users/trimuerisandes/PhpstormProjects/devel_exceljewellers/vendor/laravel/framework/src/Illuminate/Routing/Pipeline.php(53): Illuminate\\Pipeline\\Pipeline->Illuminate\\Pipeline\\{closure}(Object(Illuminate\\Http\\Request))
#28 /Users/trimuerisandes/PhpstormProjects/devel_exceljewellers/vendor/laravel/framework/src/Illuminate/Cookie/Middleware/AddQueuedCookiesToResponse.php(37): Illuminate\\Routing\\Pipeline->Illuminate\\Routing\\{closure}(Object(Illuminate\\Http\\Request))
#29 /Users/trimuerisandes/PhpstormProjects/devel_exceljewellers/vendor/laravel/framework/src/Illuminate/Pipeline/Pipeline.php(163): Illuminate\\Cookie\\Middleware\\AddQueuedCookiesToResponse->handle(Object(Illuminate\\Http\\Request), Object(Closure))
#30 /Users/trimuerisandes/PhpstormProjects/devel_exceljewellers/vendor/laravel/framework/src/Illuminate/Routing/Pipeline.php(53): Illuminate\\Pipeline\\Pipeline->Illuminate\\Pipeline\\{closure}(Object(Illuminate\\Http\\Request))
#31 /Users/trimuerisandes/PhpstormProjects/devel_exceljewellers/vendor/laravel/framework/src/Illuminate/Cookie/Middleware/EncryptCookies.php(66): Illuminate\\Routing\\Pipeline->Illuminate\\Routing\\{closure}(Object(Illuminate\\Http\\Request))
#32 /Users/trimuerisandes/PhpstormProjects/devel_exceljewellers/vendor/laravel/framework/src/Illuminate/Pipeline/Pipeline.php(163): Illuminate\\Cookie\\Middleware\\EncryptCookies->handle(Object(Illuminate\\Http\\Request), Object(Closure))
#33 /Users/trimuerisandes/PhpstormProjects/devel_exceljewellers/vendor/laravel/framework/src/Illuminate/Routing/Pipeline.php(53): Illuminate\\Pipeline\\Pipeline->Illuminate\\Pipeline\\{closure}(Object(Illuminate\\Http\\Request))
#34 /Users/trimuerisandes/PhpstormProjects/devel_exceljewellers/vendor/laravel/framework/src/Illuminate/Pipeline/Pipeline.php(104): Illuminate\\Routing\\Pipeline->Illuminate\\Routing\\{closure}(Object(Illuminate\\Http\\Request))
#35 /Users/trimuerisandes/PhpstormProjects/devel_exceljewellers/vendor/laravel/framework/src/Illuminate/Routing/Router.php(682): Illuminate\\Pipeline\\Pipeline->then(Object(Closure))
#36 /Users/trimuerisandes/PhpstormProjects/devel_exceljewellers/vendor/laravel/framework/src/Illuminate/Routing/Router.php(657): Illuminate\\Routing\\Router->runRouteWithinStack(Object(Illuminate\\Routing\\Route), Object(Illuminate\\Http\\Request))
#37 /Users/trimuerisandes/PhpstormProjects/devel_exceljewellers/vendor/laravel/framework/src/Illuminate/Routing/Router.php(623): Illuminate\\Routing\\Router->runRoute(Object(Illuminate\\Http\\Request), Object(Illuminate\\Routing\\Route))
#38 /Users/trimuerisandes/PhpstormProjects/devel_exceljewellers/vendor/laravel/framework/src/Illuminate/Routing/Router.php(612): Illuminate\\Routing\\Router->dispatchToRoute(Object(Illuminate\\Http\\Request))
#39 /Users/trimuerisandes/PhpstormProjects/devel_exceljewellers/vendor/laravel/framework/src/Illuminate/Foundation/Http/Kernel.php(176): Illuminate\\Routing\\Router->dispatch(Object(Illuminate\\Http\\Request))
#40 /Users/trimuerisandes/PhpstormProjects/devel_exceljewellers/vendor/laravel/framework/src/Illuminate/Routing/Pipeline.php(30): Illuminate\\Foundation\\Http\\Kernel->Illuminate\\Foundation\\Http\\{closure}(Object(Illuminate\\Http\\Request))
#41 /Users/trimuerisandes/PhpstormProjects/devel_exceljewellers/vendor/fideloper/proxy/src/TrustProxies.php(57): Illuminate\\Routing\\Pipeline->Illuminate\\Routing\\{closure}(Object(Illuminate\\Http\\Request))
#42 /Users/trimuerisandes/PhpstormProjects/devel_exceljewellers/vendor/laravel/framework/src/Illuminate/Pipeline/Pipeline.php(163): Fideloper\\Proxy\\TrustProxies->handle(Object(Illuminate\\Http\\Request), Object(Closure))
#43 /Users/trimuerisandes/PhpstormProjects/devel_exceljewellers/vendor/laravel/framework/src/Illuminate/Routing/Pipeline.php(53): Illuminate\\Pipeline\\Pipeline->Illuminate\\Pipeline\\{closure}(Object(Illuminate\\Http\\Request))
#44 /Users/trimuerisandes/PhpstormProjects/devel_exceljewellers/vendor/laravel/framework/src/Illuminate/Foundation/Http/Middleware/TransformsRequest.php(21): Illuminate\\Routing\\Pipeline->Illuminate\\Routing\\{closure}(Object(Illuminate\\Http\\Request))
#45 /Users/trimuerisandes/PhpstormProjects/devel_exceljewellers/vendor/laravel/framework/src/Illuminate/Pipeline/Pipeline.php(163): Illuminate\\Foundation\\Http\\Middleware\\TransformsRequest->handle(Object(Illuminate\\Http\\Request), Object(Closure))
#46 /Users/trimuerisandes/PhpstormProjects/devel_exceljewellers/vendor/laravel/framework/src/Illuminate/Routing/Pipeline.php(53): Illuminate\\Pipeline\\Pipeline->Illuminate\\Pipeline\\{closure}(Object(Illuminate\\Http\\Request))
#47 /Users/trimuerisandes/PhpstormProjects/devel_exceljewellers/vendor/laravel/framework/src/Illuminate/Foundation/Http/Middleware/TransformsRequest.php(21): Illuminate\\Routing\\Pipeline->Illuminate\\Routing\\{closure}(Object(Illuminate\\Http\\Request))
#48 /Users/trimuerisandes/PhpstormProjects/devel_exceljewellers/vendor/laravel/framework/src/Illuminate/Pipeline/Pipeline.php(163): Illuminate\\Foundation\\Http\\Middleware\\TransformsRequest->handle(Object(Illuminate\\Http\\Request), Object(Closure))
#49 /Users/trimuerisandes/PhpstormProjects/devel_exceljewellers/vendor/laravel/framework/src/Illuminate/Routing/Pipeline.php(53): Illuminate\\Pipeline\\Pipeline->Illuminate\\Pipeline\\{closure}(Object(Illuminate\\Http\\Request))
#50 /Users/trimuerisandes/PhpstormProjects/devel_exceljewellers/vendor/laravel/framework/src/Illuminate/Foundation/Http/Middleware/ValidatePostSize.php(27): Illuminate\\Routing\\Pipeline->Illuminate\\Routing\\{closure}(Object(Illuminate\\Http\\Request))
#51 /Users/trimuerisandes/PhpstormProjects/devel_exceljewellers/vendor/laravel/framework/src/Illuminate/Pipeline/Pipeline.php(163): Illuminate\\Foundation\\Http\\Middleware\\ValidatePostSize->handle(Object(Illuminate\\Http\\Request), Object(Closure))
#52 /Users/trimuerisandes/PhpstormProjects/devel_exceljewellers/vendor/laravel/framework/src/Illuminate/Routing/Pipeline.php(53): Illuminate\\Pipeline\\Pipeline->Illuminate\\Pipeline\\{closure}(Object(Illuminate\\Http\\Request))
#53 /Users/trimuerisandes/PhpstormProjects/devel_exceljewellers/vendor/laravel/framework/src/Illuminate/Foundation/Http/Middleware/CheckForMaintenanceMode.php(62): Illuminate\\Routing\\Pipeline->Illuminate\\Routing\\{closure}(Object(Illuminate\\Http\\Request))
#54 /Users/trimuerisandes/PhpstormProjects/devel_exceljewellers/vendor/laravel/framework/src/Illuminate/Pipeline/Pipeline.php(163): Illuminate\\Foundation\\Http\\Middleware\\CheckForMaintenanceMode->handle(Object(Illuminate\\Http\\Request), Object(Closure))
#55 /Users/trimuerisandes/PhpstormProjects/devel_exceljewellers/vendor/laravel/framework/src/Illuminate/Routing/Pipeline.php(53): Illuminate\\Pipeline\\Pipeline->Illuminate\\Pipeline\\{closure}(Object(Illuminate\\Http\\Request))
#56 /Users/trimuerisandes/PhpstormProjects/devel_exceljewellers/vendor/laravel/framework/src/Illuminate/Pipeline/Pipeline.php(104): Illuminate\\Routing\\Pipeline->Illuminate\\Routing\\{closure}(Object(Illuminate\\Http\\Request))
#57 /Users/trimuerisandes/PhpstormProjects/devel_exceljewellers/vendor/laravel/framework/src/Illuminate/Foundation/Http/Kernel.php(151): Illuminate\\Pipeline\\Pipeline->then(Object(Closure))
#58 /Users/trimuerisandes/PhpstormProjects/devel_exceljewellers/vendor/laravel/framework/src/Illuminate/Foundation/Http/Kernel.php(116): Illuminate\\Foundation\\Http\\Kernel->sendRequestThroughRouter(Object(Illuminate\\Http\\Request))
#59 /Users/trimuerisandes/PhpstormProjects/devel_exceljewellers/public/index.php(55): Illuminate\\Foundation\\Http\\Kernel->handle(Object(Illuminate\\Http\\Request))
#60 /Users/trimuerisandes/PhpstormProjects/devel_exceljewellers/server.php(21): require_once('/Users/trimueri...')
#61 {main}
"} 
[2021-12-21 08:20:29] local.ERROR: Command "db:clean" is not defined.

Did you mean one of these?
    cache:clear
    config:clear
    db:seed
    event:clear
    optimize:clear
    route:clear
    view:clear {"exception":"[object] (Symfony\\Component\\Console\\Exception\\CommandNotFoundException(code: 0): Command \"db:clean\" is not defined.

Did you mean one of these?
    cache:clear
    config:clear
    db:seed
    event:clear
    optimize:clear
    route:clear
    view:clear at /Users/trimuerisandes/PhpstormProjects/devel_exceljewellers/vendor/symfony/console/Application.php:676)
[stacktrace]
#0 /Users/trimuerisandes/PhpstormProjects/devel_exceljewellers/vendor/symfony/console/Application.php(237): Symfony\\Component\\Console\\Application->find('db:clean')
#1 /Users/trimuerisandes/PhpstormProjects/devel_exceljewellers/vendor/symfony/console/Application.php(149): Symfony\\Component\\Console\\Application->doRun(Object(Symfony\\Component\\Console\\Input\\ArgvInput), Object(Symfony\\Component\\Console\\Output\\ConsoleOutput))
#2 /Users/trimuerisandes/PhpstormProjects/devel_exceljewellers/vendor/laravel/framework/src/Illuminate/Console/Application.php(90): Symfony\\Component\\Console\\Application->run(Object(Symfony\\Component\\Console\\Input\\ArgvInput), Object(Symfony\\Component\\Console\\Output\\ConsoleOutput))
#3 /Users/trimuerisandes/PhpstormProjects/devel_exceljewellers/vendor/laravel/framework/src/Illuminate/Foundation/Console/Kernel.php(133): Illuminate\\Console\\Application->run(Object(Symfony\\Component\\Console\\Input\\ArgvInput), Object(Symfony\\Component\\Console\\Output\\ConsoleOutput))
#4 /Users/trimuerisandes/PhpstormProjects/devel_exceljewellers/artisan(37): Illuminate\\Foundation\\Console\\Kernel->handle(Object(Symfony\\Component\\Console\\Input\\ArgvInput), Object(Symfony\\Component\\Console\\Output\\ConsoleOutput))
#5 {main}
"} 
[2021-12-21 08:21:49] local.ERROR: Command "wipe" is not defined. {"exception":"[object] (Symfony\\Component\\Console\\Exception\\CommandNotFoundException(code: 0): Command \"wipe\" is not defined. at /Users/trimuerisandes/PhpstormProjects/devel_exceljewellers/vendor/symfony/console/Application.php:676)
[stacktrace]
#0 /Users/trimuerisandes/PhpstormProjects/devel_exceljewellers/vendor/symfony/console/Application.php(237): Symfony\\Component\\Console\\Application->find('wipe')
#1 /Users/trimuerisandes/PhpstormProjects/devel_exceljewellers/vendor/symfony/console/Application.php(149): Symfony\\Component\\Console\\Application->doRun(Object(Symfony\\Component\\Console\\Input\\ArgvInput), Object(Symfony\\Component\\Console\\Output\\ConsoleOutput))
#2 /Users/trimuerisandes/PhpstormProjects/devel_exceljewellers/vendor/laravel/framework/src/Illuminate/Console/Application.php(90): Symfony\\Component\\Console\\Application->run(Object(Symfony\\Component\\Console\\Input\\ArgvInput), Object(Symfony\\Component\\Console\\Output\\ConsoleOutput))
#3 /Users/trimuerisandes/PhpstormProjects/devel_exceljewellers/vendor/laravel/framework/src/Illuminate/Foundation/Console/Kernel.php(133): Illuminate\\Console\\Application->run(Object(Symfony\\Component\\Console\\Input\\ArgvInput), Object(Symfony\\Component\\Console\\Output\\ConsoleOutput))
#4 /Users/trimuerisandes/PhpstormProjects/devel_exceljewellers/artisan(37): Illuminate\\Foundation\\Console\\Kernel->handle(Object(Symfony\\Component\\Console\\Input\\ArgvInput), Object(Symfony\\Component\\Console\\Output\\ConsoleOutput))
#5 {main}
"} 
[2021-12-21 08:23:05] local.ERROR: Command "db:fresh" is not defined.

Did you mean one of these?
    db:seed
    migrate:fresh
    migrate:refresh {"exception":"[object] (Symfony\\Component\\Console\\Exception\\CommandNotFoundException(code: 0): Command \"db:fresh\" is not defined.

Did you mean one of these?
    db:seed
    migrate:fresh
    migrate:refresh at /Users/trimuerisandes/PhpstormProjects/devel_exceljewellers/vendor/symfony/console/Application.php:676)
[stacktrace]
#0 /Users/trimuerisandes/PhpstormProjects/devel_exceljewellers/vendor/symfony/console/Application.php(237): Symfony\\Component\\Console\\Application->find('db:fresh')
#1 /Users/trimuerisandes/PhpstormProjects/devel_exceljewellers/vendor/symfony/console/Application.php(149): Symfony\\Component\\Console\\Application->doRun(Object(Symfony\\Component\\Console\\Input\\ArgvInput), Object(Symfony\\Component\\Console\\Output\\ConsoleOutput))
#2 /Users/trimuerisandes/PhpstormProjects/devel_exceljewellers/vendor/laravel/framework/src/Illuminate/Console/Application.php(90): Symfony\\Component\\Console\\Application->run(Object(Symfony\\Component\\Console\\Input\\ArgvInput), Object(Symfony\\Component\\Console\\Output\\ConsoleOutput))
#3 /Users/trimuerisandes/PhpstormProjects/devel_exceljewellers/vendor/laravel/framework/src/Illuminate/Foundation/Console/Kernel.php(133): Illuminate\\Console\\Application->run(Object(Symfony\\Component\\Console\\Input\\ArgvInput), Object(Symfony\\Component\\Console\\Output\\ConsoleOutput))
#4 /Users/trimuerisandes/PhpstormProjects/devel_exceljewellers/artisan(37): Illuminate\\Foundation\\Console\\Kernel->handle(Object(Symfony\\Component\\Console\\Input\\ArgvInput), Object(Symfony\\Component\\Console\\Output\\ConsoleOutput))
#5 {main}
"} 
[2021-12-21 08:24:01] local.ERROR: SQLSTATE[42000]: Syntax error or access violation: 1075 Incorrect table definition; there can be only one auto column and it must be defined as a key (SQL: create table `coupon_promos` (`id` bigint unsigned not null auto_increment primary key, `coupon_code` varchar(191) not null, `coupon_type` varchar(191) not null, `coupon_to_user` bigint unsigned null auto_increment primary key, `amount_off` decimal(65, 2) null, `percent_off` decimal(65, 2) null, `shipping_off` varchar(191) null, `price_minimum` decimal(65, 2) null, `specific_category_type` varchar(191) null, `max_redemptions` varchar(191) not null, `redeemed_by` datetime null, `created_at` timestamp null, `updated_at` timestamp null) default character set utf8mb4 collate 'utf8mb4_unicode_ci') {"exception":"[object] (Illuminate\\Database\\QueryException(code: 42000): SQLSTATE[42000]: Syntax error or access violation: 1075 Incorrect table definition; there can be only one auto column and it must be defined as a key (SQL: create table `coupon_promos` (`id` bigint unsigned not null auto_increment primary key, `coupon_code` varchar(191) not null, `coupon_type` varchar(191) not null, `coupon_to_user` bigint unsigned null auto_increment primary key, `amount_off` decimal(65, 2) null, `percent_off` decimal(65, 2) null, `shipping_off` varchar(191) null, `price_minimum` decimal(65, 2) null, `specific_category_type` varchar(191) null, `max_redemptions` varchar(191) not null, `redeemed_by` datetime null, `created_at` timestamp null, `updated_at` timestamp null) default character set utf8mb4 collate 'utf8mb4_unicode_ci') at /Users/trimuerisandes/PhpstormProjects/devel_exceljewellers/vendor/laravel/framework/src/Illuminate/Database/Connection.php:664, Doctrine\\DBAL\\Driver\\PDO\\Exception(code: 42000): SQLSTATE[42000]: Syntax error or access violation: 1075 Incorrect table definition; there can be only one auto column and it must be defined as a key at /Users/trimuerisandes/PhpstormProjects/devel_exceljewellers/vendor/doctrine/dbal/lib/Doctrine/DBAL/Driver/PDO/Exception.php:18, PDOException(code: 42000): SQLSTATE[42000]: Syntax error or access violation: 1075 Incorrect table definition; there can be only one auto column and it must be defined as a key at /Users/trimuerisandes/PhpstormProjects/devel_exceljewellers/vendor/doctrine/dbal/lib/Doctrine/DBAL/Driver/PDOStatement.php:112)
[stacktrace]
#0 /Users/trimuerisandes/PhpstormProjects/devel_exceljewellers/vendor/laravel/framework/src/Illuminate/Database/Connection.php(624): Illuminate\\Database\\Connection->runQueryCallback('create table `c...', Array, Object(Closure))
#1 /Users/trimuerisandes/PhpstormProjects/devel_exceljewellers/vendor/laravel/framework/src/Illuminate/Database/Connection.php(459): Illuminate\\Database\\Connection->run('create table `c...', Array, Object(Closure))
#2 /Users/trimuerisandes/PhpstormProjects/devel_exceljewellers/vendor/laravel/framework/src/Illuminate/Database/Schema/Blueprint.php(97): Illuminate\\Database\\Connection->statement('create table `c...')
#3 /Users/trimuerisandes/PhpstormProjects/devel_exceljewellers/vendor/laravel/framework/src/Illuminate/Database/Schema/Builder.php(278): Illuminate\\Database\\Schema\\Blueprint->build(Object(Larapack\\DoctrineSupport\\Connections\\MySqlConnection), Object(Illuminate\\Database\\Schema\\Grammars\\MySqlGrammar))
#4 /Users/trimuerisandes/PhpstormProjects/devel_exceljewellers/vendor/laravel/framework/src/Illuminate/Database/Schema/Builder.php(167): Illuminate\\Database\\Schema\\Builder->build(Object(Illuminate\\Database\\Schema\\Blueprint))
#5 /Users/trimuerisandes/PhpstormProjects/devel_exceljewellers/vendor/laravel/framework/src/Illuminate/Support/Facades/Facade.php(239): Illuminate\\Database\\Schema\\Builder->create('coupon_promos', Object(Closure))
#6 /Users/trimuerisandes/PhpstormProjects/devel_exceljewellers/database/migrations/2021_05_01_065514_coupon_promo.php(29): Illuminate\\Support\\Facades\\Facade::__callStatic('create', Array)
#7 /Users/trimuerisandes/PhpstormProjects/devel_exceljewellers/vendor/laravel/framework/src/Illuminate/Database/Migrations/Migrator.php(387): CouponPromo->up()
#8 /Users/trimuerisandes/PhpstormProjects/devel_exceljewellers/vendor/laravel/framework/src/Illuminate/Database/Migrations/Migrator.php(396): Illuminate\\Database\\Migrations\\Migrator->Illuminate\\Database\\Migrations\\{closure}()
#9 /Users/trimuerisandes/PhpstormProjects/devel_exceljewellers/vendor/laravel/framework/src/Illuminate/Database/Migrations/Migrator.php(197): Illuminate\\Database\\Migrations\\Migrator->runMigration(Object(CouponPromo), 'up')
#10 /Users/trimuerisandes/PhpstormProjects/devel_exceljewellers/vendor/laravel/framework/src/Illuminate/Database/Migrations/Migrator.php(162): Illuminate\\Database\\Migrations\\Migrator->runUp('/Users/trimueri...', 1, false)
#11 /Users/trimuerisandes/PhpstormProjects/devel_exceljewellers/vendor/laravel/framework/src/Illuminate/Database/Migrations/Migrator.php(109): Illuminate\\Database\\Migrations\\Migrator->runPending(Array, Array)
#12 /Users/trimuerisandes/PhpstormProjects/devel_exceljewellers/vendor/laravel/framework/src/Illuminate/Database/Console/Migrations/MigrateCommand.php(71): Illuminate\\Database\\Migrations\\Migrator->run(Array, Array)
#13 [internal function]: Illuminate\\Database\\Console\\Migrations\\MigrateCommand->handle()
#14 /Users/trimuerisandes/PhpstormProjects/devel_exceljewellers/vendor/laravel/framework/src/Illuminate/Container/BoundMethod.php(32): call_user_func_array(Array, Array)
#15 /Users/trimuerisandes/PhpstormProjects/devel_exceljewellers/vendor/laravel/framework/src/Illuminate/Container/BoundMethod.php(90): Illuminate\\Container\\BoundMethod::Illuminate\\Container\\{closure}()
#16 /Users/trimuerisandes/PhpstormProjects/devel_exceljewellers/vendor/laravel/framework/src/Illuminate/Container/BoundMethod.php(34): Illuminate\\Container\\BoundMethod::callBoundMethod(Object(Illuminate\\Foundation\\Application), Array, Object(Closure))
#17 /Users/trimuerisandes/PhpstormProjects/devel_exceljewellers/vendor/laravel/framework/src/Illuminate/Container/Container.php(576): Illuminate\\Container\\BoundMethod::call(Object(Illuminate\\Foundation\\Application), Array, Array, NULL)
#18 /Users/trimuerisandes/PhpstormProjects/devel_exceljewellers/vendor/laravel/framework/src/Illuminate/Console/Command.php(183): Illuminate\\Container\\Container->call(Array)
#19 /Users/trimuerisandes/PhpstormProjects/devel_exceljewellers/vendor/symfony/console/Command/Command.php(255): Illuminate\\Console\\Command->execute(Object(Symfony\\Component\\Console\\Input\\ArrayInput), Object(Illuminate\\Console\\OutputStyle))
#20 /Users/trimuerisandes/PhpstormProjects/devel_exceljewellers/vendor/laravel/framework/src/Illuminate/Console/Command.php(170): Symfony\\Component\\Console\\Command\\Command->run(Object(Symfony\\Component\\Console\\Input\\ArrayInput), Object(Illuminate\\Console\\OutputStyle))
#21 /Users/trimuerisandes/PhpstormProjects/devel_exceljewellers/vendor/laravel/framework/src/Illuminate/Console/Command.php(198): Illuminate\\Console\\Command->run(Object(Symfony\\Component\\Console\\Input\\ArrayInput), Object(Illuminate\\Console\\OutputStyle))
#22 /Users/trimuerisandes/PhpstormProjects/devel_exceljewellers/vendor/laravel/framework/src/Illuminate/Database/Console/Migrations/FreshCommand.php(61): Illuminate\\Console\\Command->call('migrate', Array)
#23 [internal function]: Illuminate\\Database\\Console\\Migrations\\FreshCommand->handle()
#24 /Users/trimuerisandes/PhpstormProjects/devel_exceljewellers/vendor/laravel/framework/src/Illuminate/Container/BoundMethod.php(32): call_user_func_array(Array, Array)
#25 /Users/trimuerisandes/PhpstormProjects/devel_exceljewellers/vendor/laravel/framework/src/Illuminate/Container/BoundMethod.php(90): Illuminate\\Container\\BoundMethod::Illuminate\\Container\\{closure}()
#26 /Users/trimuerisandes/PhpstormProjects/devel_exceljewellers/vendor/laravel/framework/src/Illuminate/Container/BoundMethod.php(34): Illuminate\\Container\\BoundMethod::callBoundMethod(Object(Illuminate\\Foundation\\Application), Array, Object(Closure))
#27 /Users/trimuerisandes/PhpstormProjects/devel_exceljewellers/vendor/laravel/framework/src/Illuminate/Container/Container.php(576): Illuminate\\Container\\BoundMethod::call(Object(Illuminate\\Foundation\\Application), Array, Array, NULL)
#28 /Users/trimuerisandes/PhpstormProjects/devel_exceljewellers/vendor/laravel/framework/src/Illuminate/Console/Command.php(183): Illuminate\\Container\\Container->call(Array)
#29 /Users/trimuerisandes/PhpstormProjects/devel_exceljewellers/vendor/symfony/console/Command/Command.php(255): Illuminate\\Console\\Command->execute(Object(Symfony\\Component\\Console\\Input\\ArgvInput), Object(Illuminate\\Console\\OutputStyle))
#30 /Users/trimuerisandes/PhpstormProjects/devel_exceljewellers/vendor/laravel/framework/src/Illuminate/Console/Command.php(170): Symfony\\Component\\Console\\Command\\Command->run(Object(Symfony\\Component\\Console\\Input\\ArgvInput), Object(Illuminate\\Console\\OutputStyle))
#31 /Users/trimuerisandes/PhpstormProjects/devel_exceljewellers/vendor/symfony/console/Application.php(1009): Illuminate\\Console\\Command->run(Object(Symfony\\Component\\Console\\Input\\ArgvInput), Object(Symfony\\Component\\Console\\Output\\ConsoleOutput))
#32 /Users/trimuerisandes/PhpstormProjects/devel_exceljewellers/vendor/symfony/console/Application.php(273): Symfony\\Component\\Console\\Application->doRunCommand(Object(Illuminate\\Database\\Console\\Migrations\\FreshCommand), Object(Symfony\\Component\\Console\\Input\\ArgvInput), Object(Symfony\\Component\\Console\\Output\\ConsoleOutput))
#33 /Users/trimuerisandes/PhpstormProjects/devel_exceljewellers/vendor/symfony/console/Application.php(149): Symfony\\Component\\Console\\Application->doRun(Object(Symfony\\Component\\Console\\Input\\ArgvInput), Object(Symfony\\Component\\Console\\Output\\ConsoleOutput))
#34 /Users/trimuerisandes/PhpstormProjects/devel_exceljewellers/vendor/laravel/framework/src/Illuminate/Console/Application.php(90): Symfony\\Component\\Console\\Application->run(Object(Symfony\\Component\\Console\\Input\\ArgvInput), Object(Symfony\\Component\\Console\\Output\\ConsoleOutput))
#35 /Users/trimuerisandes/PhpstormProjects/devel_exceljewellers/vendor/laravel/framework/src/Illuminate/Foundation/Console/Kernel.php(133): Illuminate\\Console\\Application->run(Object(Symfony\\Component\\Console\\Input\\ArgvInput), Object(Symfony\\Component\\Console\\Output\\ConsoleOutput))
#36 /Users/trimuerisandes/PhpstormProjects/devel_exceljewellers/artisan(37): Illuminate\\Foundation\\Console\\Kernel->handle(Object(Symfony\\Component\\Console\\Input\\ArgvInput), Object(Symfony\\Component\\Console\\Output\\ConsoleOutput))
#37 {main}
"} 
[2021-12-21 16:43:53] local.ERROR: SQLSTATE[42S02]: Base table or view not found: 1146 Table 'homestead.natural_diamonds' doesn't exist (SQL: select max(`price`) as aggregate from `natural_diamonds`) {"exception":"[object] (Illuminate\\Database\\QueryException(code: 42S02): SQLSTATE[42S02]: Base table or view not found: 1146 Table 'homestead.natural_diamonds' doesn't exist (SQL: select max(`price`) as aggregate from `natural_diamonds`) at /Users/trimuerisandes/PhpstormProjects/devel_exceljewellers/vendor/laravel/framework/src/Illuminate/Database/Connection.php:664, Doctrine\\DBAL\\Driver\\PDO\\Exception(code: 42S02): SQLSTATE[42S02]: Base table or view not found: 1146 Table 'homestead.natural_diamonds' doesn't exist at /Users/trimuerisandes/PhpstormProjects/devel_exceljewellers/vendor/doctrine/dbal/lib/Doctrine/DBAL/Driver/PDO/Exception.php:18, PDOException(code: 42S02): SQLSTATE[42S02]: Base table or view not found: 1146 Table 'homestead.natural_diamonds' doesn't exist at /Users/trimuerisandes/PhpstormProjects/devel_exceljewellers/vendor/doctrine/dbal/lib/Doctrine/DBAL/Driver/PDOConnection.php:79)
[stacktrace]
#0 /Users/trimuerisandes/PhpstormProjects/devel_exceljewellers/vendor/laravel/framework/src/Illuminate/Database/Connection.php(624): Illuminate\\Database\\Connection->runQueryCallback('select max(`pri...', Array, Object(Closure))
#1 /Users/trimuerisandes/PhpstormProjects/devel_exceljewellers/vendor/laravel/framework/src/Illuminate/Database/Connection.php(333): Illuminate\\Database\\Connection->run('select max(`pri...', Array, Object(Closure))
#2 /Users/trimuerisandes/PhpstormProjects/devel_exceljewellers/vendor/laravel/framework/src/Illuminate/Database/Query/Builder.php(2130): Illuminate\\Database\\Connection->select('select max(`pri...', Array, true)
#3 /Users/trimuerisandes/PhpstormProjects/devel_exceljewellers/vendor/laravel/framework/src/Illuminate/Database/Query/Builder.php(2118): Illuminate\\Database\\Query\\Builder->runSelect()
#4 /Users/trimuerisandes/PhpstormProjects/devel_exceljewellers/vendor/laravel/framework/src/Illuminate/Database/Query/Builder.php(2604): Illuminate\\Database\\Query\\Builder->Illuminate\\Database\\Query\\{closure}()
#5 /Users/trimuerisandes/PhpstormProjects/devel_exceljewellers/vendor/laravel/framework/src/Illuminate/Database/Query/Builder.php(2119): Illuminate\\Database\\Query\\Builder->onceWithColumns(Array, Object(Closure))
#6 /Users/trimuerisandes/PhpstormProjects/devel_exceljewellers/vendor/laravel/framework/src/Illuminate/Database/Query/Builder.php(2531): Illuminate\\Database\\Query\\Builder->get(Array)
#7 /Users/trimuerisandes/PhpstormProjects/devel_exceljewellers/vendor/laravel/framework/src/Illuminate/Database/Query/Builder.php(2481): Illuminate\\Database\\Query\\Builder->aggregate('max', Array)
#8 /Users/trimuerisandes/PhpstormProjects/devel_exceljewellers/app/Http/Controllers/JewelleryController.php(792): Illuminate\\Database\\Query\\Builder->max('price')
#9 [internal function]: App\\Http\\Controllers\\JewelleryController->diamonds(Object(Illuminate\\Http\\Request))
#10 /Users/trimuerisandes/PhpstormProjects/devel_exceljewellers/vendor/laravel/framework/src/Illuminate/Routing/Controller.php(54): call_user_func_array(Array, Array)
#11 /Users/trimuerisandes/PhpstormProjects/devel_exceljewellers/vendor/laravel/framework/src/Illuminate/Routing/ControllerDispatcher.php(45): Illuminate\\Routing\\Controller->callAction('diamonds', Array)
#12 /Users/trimuerisandes/PhpstormProjects/devel_exceljewellers/vendor/laravel/framework/src/Illuminate/Routing/Route.php(219): Illuminate\\Routing\\ControllerDispatcher->dispatch(Object(Illuminate\\Routing\\Route), Object(App\\Http\\Controllers\\JewelleryController), 'diamonds')
#13 /Users/trimuerisandes/PhpstormProjects/devel_exceljewellers/vendor/laravel/framework/src/Illuminate/Routing/Route.php(176): Illuminate\\Routing\\Route->runController()
#14 /Users/trimuerisandes/PhpstormProjects/devel_exceljewellers/vendor/laravel/framework/src/Illuminate/Routing/Router.php(680): Illuminate\\Routing\\Route->run()
#15 /Users/trimuerisandes/PhpstormProjects/devel_exceljewellers/vendor/laravel/framework/src/Illuminate/Routing/Pipeline.php(30): Illuminate\\Routing\\Router->Illuminate\\Routing\\{closure}(Object(Illuminate\\Http\\Request))
#16 /Users/trimuerisandes/PhpstormProjects/devel_exceljewellers/vendor/laravel/framework/src/Illuminate/Routing/Middleware/SubstituteBindings.php(41): Illuminate\\Routing\\Pipeline->Illuminate\\Routing\\{closure}(Object(Illuminate\\Http\\Request))
#17 /Users/trimuerisandes/PhpstormProjects/devel_exceljewellers/vendor/laravel/framework/src/Illuminate/Pipeline/Pipeline.php(163): Illuminate\\Routing\\Middleware\\SubstituteBindings->handle(Object(Illuminate\\Http\\Request), Object(Closure))
#18 /Users/trimuerisandes/PhpstormProjects/devel_exceljewellers/vendor/laravel/framework/src/Illuminate/Routing/Pipeline.php(53): Illuminate\\Pipeline\\Pipeline->Illuminate\\Pipeline\\{closure}(Object(Illuminate\\Http\\Request))
#19 /Users/trimuerisandes/PhpstormProjects/devel_exceljewellers/vendor/laravel/framework/src/Illuminate/Foundation/Http/Middleware/VerifyCsrfToken.php(75): Illuminate\\Routing\\Pipeline->Illuminate\\Routing\\{closure}(Object(Illuminate\\Http\\Request))
#20 /Users/trimuerisandes/PhpstormProjects/devel_exceljewellers/vendor/laravel/framework/src/Illuminate/Pipeline/Pipeline.php(163): Illuminate\\Foundation\\Http\\Middleware\\VerifyCsrfToken->handle(Object(Illuminate\\Http\\Request), Object(Closure))
#21 /Users/trimuerisandes/PhpstormProjects/devel_exceljewellers/vendor/laravel/framework/src/Illuminate/Routing/Pipeline.php(53): Illuminate\\Pipeline\\Pipeline->Illuminate\\Pipeline\\{closure}(Object(Illuminate\\Http\\Request))
#22 /Users/trimuerisandes/PhpstormProjects/devel_exceljewellers/vendor/laravel/framework/src/Illuminate/View/Middleware/ShareErrorsFromSession.php(49): Illuminate\\Routing\\Pipeline->Illuminate\\Routing\\{closure}(Object(Illuminate\\Http\\Request))
#23 /Users/trimuerisandes/PhpstormProjects/devel_exceljewellers/vendor/laravel/framework/src/Illuminate/Pipeline/Pipeline.php(163): Illuminate\\View\\Middleware\\ShareErrorsFromSession->handle(Object(Illuminate\\Http\\Request), Object(Closure))
#24 /Users/trimuerisandes/PhpstormProjects/devel_exceljewellers/vendor/laravel/framework/src/Illuminate/Routing/Pipeline.php(53): Illuminate\\Pipeline\\Pipeline->Illuminate\\Pipeline\\{closure}(Object(Illuminate\\Http\\Request))
#25 /Users/trimuerisandes/PhpstormProjects/devel_exceljewellers/vendor/laravel/framework/src/Illuminate/Session/Middleware/StartSession.php(56): Illuminate\\Routing\\Pipeline->Illuminate\\Routing\\{closure}(Object(Illuminate\\Http\\Request))
#26 /Users/trimuerisandes/PhpstormProjects/devel_exceljewellers/vendor/laravel/framework/src/Illuminate/Pipeline/Pipeline.php(163): Illuminate\\Session\\Middleware\\StartSession->handle(Object(Illuminate\\Http\\Request), Object(Closure))
#27 /Users/trimuerisandes/PhpstormProjects/devel_exceljewellers/vendor/laravel/framework/src/Illuminate/Routing/Pipeline.php(53): Illuminate\\Pipeline\\Pipeline->Illuminate\\Pipeline\\{closure}(Object(Illuminate\\Http\\Request))
#28 /Users/trimuerisandes/PhpstormProjects/devel_exceljewellers/vendor/laravel/framework/src/Illuminate/Cookie/Middleware/AddQueuedCookiesToResponse.php(37): Illuminate\\Routing\\Pipeline->Illuminate\\Routing\\{closure}(Object(Illuminate\\Http\\Request))
#29 /Users/trimuerisandes/PhpstormProjects/devel_exceljewellers/vendor/laravel/framework/src/Illuminate/Pipeline/Pipeline.php(163): Illuminate\\Cookie\\Middleware\\AddQueuedCookiesToResponse->handle(Object(Illuminate\\Http\\Request), Object(Closure))
#30 /Users/trimuerisandes/PhpstormProjects/devel_exceljewellers/vendor/laravel/framework/src/Illuminate/Routing/Pipeline.php(53): Illuminate\\Pipeline\\Pipeline->Illuminate\\Pipeline\\{closure}(Object(Illuminate\\Http\\Request))
#31 /Users/trimuerisandes/PhpstormProjects/devel_exceljewellers/vendor/laravel/framework/src/Illuminate/Cookie/Middleware/EncryptCookies.php(66): Illuminate\\Routing\\Pipeline->Illuminate\\Routing\\{closure}(Object(Illuminate\\Http\\Request))
#32 /Users/trimuerisandes/PhpstormProjects/devel_exceljewellers/vendor/laravel/framework/src/Illuminate/Pipeline/Pipeline.php(163): Illuminate\\Cookie\\Middleware\\EncryptCookies->handle(Object(Illuminate\\Http\\Request), Object(Closure))
#33 /Users/trimuerisandes/PhpstormProjects/devel_exceljewellers/vendor/laravel/framework/src/Illuminate/Routing/Pipeline.php(53): Illuminate\\Pipeline\\Pipeline->Illuminate\\Pipeline\\{closure}(Object(Illuminate\\Http\\Request))
#34 /Users/trimuerisandes/PhpstormProjects/devel_exceljewellers/vendor/laravel/framework/src/Illuminate/Pipeline/Pipeline.php(104): Illuminate\\Routing\\Pipeline->Illuminate\\Routing\\{closure}(Object(Illuminate\\Http\\Request))
#35 /Users/trimuerisandes/PhpstormProjects/devel_exceljewellers/vendor/laravel/framework/src/Illuminate/Routing/Router.php(682): Illuminate\\Pipeline\\Pipeline->then(Object(Closure))
#36 /Users/trimuerisandes/PhpstormProjects/devel_exceljewellers/vendor/laravel/framework/src/Illuminate/Routing/Router.php(657): Illuminate\\Routing\\Router->runRouteWithinStack(Object(Illuminate\\Routing\\Route), Object(Illuminate\\Http\\Request))
#37 /Users/trimuerisandes/PhpstormProjects/devel_exceljewellers/vendor/laravel/framework/src/Illuminate/Routing/Router.php(623): Illuminate\\Routing\\Router->runRoute(Object(Illuminate\\Http\\Request), Object(Illuminate\\Routing\\Route))
#38 /Users/trimuerisandes/PhpstormProjects/devel_exceljewellers/vendor/laravel/framework/src/Illuminate/Routing/Router.php(612): Illuminate\\Routing\\Router->dispatchToRoute(Object(Illuminate\\Http\\Request))
#39 /Users/trimuerisandes/PhpstormProjects/devel_exceljewellers/vendor/laravel/framework/src/Illuminate/Foundation/Http/Kernel.php(176): Illuminate\\Routing\\Router->dispatch(Object(Illuminate\\Http\\Request))
#40 /Users/trimuerisandes/PhpstormProjects/devel_exceljewellers/vendor/laravel/framework/src/Illuminate/Routing/Pipeline.php(30): Illuminate\\Foundation\\Http\\Kernel->Illuminate\\Foundation\\Http\\{closure}(Object(Illuminate\\Http\\Request))
#41 /Users/trimuerisandes/PhpstormProjects/devel_exceljewellers/vendor/fideloper/proxy/src/TrustProxies.php(57): Illuminate\\Routing\\Pipeline->Illuminate\\Routing\\{closure}(Object(Illuminate\\Http\\Request))
#42 /Users/trimuerisandes/PhpstormProjects/devel_exceljewellers/vendor/laravel/framework/src/Illuminate/Pipeline/Pipeline.php(163): Fideloper\\Proxy\\TrustProxies->handle(Object(Illuminate\\Http\\Request), Object(Closure))
#43 /Users/trimuerisandes/PhpstormProjects/devel_exceljewellers/vendor/laravel/framework/src/Illuminate/Routing/Pipeline.php(53): Illuminate\\Pipeline\\Pipeline->Illuminate\\Pipeline\\{closure}(Object(Illuminate\\Http\\Request))
#44 /Users/trimuerisandes/PhpstormProjects/devel_exceljewellers/vendor/laravel/framework/src/Illuminate/Foundation/Http/Middleware/TransformsRequest.php(21): Illuminate\\Routing\\Pipeline->Illuminate\\Routing\\{closure}(Object(Illuminate\\Http\\Request))
#45 /Users/trimuerisandes/PhpstormProjects/devel_exceljewellers/vendor/laravel/framework/src/Illuminate/Pipeline/Pipeline.php(163): Illuminate\\Foundation\\Http\\Middleware\\TransformsRequest->handle(Object(Illuminate\\Http\\Request), Object(Closure))
#46 /Users/trimuerisandes/PhpstormProjects/devel_exceljewellers/vendor/laravel/framework/src/Illuminate/Routing/Pipeline.php(53): Illuminate\\Pipeline\\Pipeline->Illuminate\\Pipeline\\{closure}(Object(Illuminate\\Http\\Request))
#47 /Users/trimuerisandes/PhpstormProjects/devel_exceljewellers/vendor/laravel/framework/src/Illuminate/Foundation/Http/Middleware/TransformsRequest.php(21): Illuminate\\Routing\\Pipeline->Illuminate\\Routing\\{closure}(Object(Illuminate\\Http\\Request))
#48 /Users/trimuerisandes/PhpstormProjects/devel_exceljewellers/vendor/laravel/framework/src/Illuminate/Pipeline/Pipeline.php(163): Illuminate\\Foundation\\Http\\Middleware\\TransformsRequest->handle(Object(Illuminate\\Http\\Request), Object(Closure))
#49 /Users/trimuerisandes/PhpstormProjects/devel_exceljewellers/vendor/laravel/framework/src/Illuminate/Routing/Pipeline.php(53): Illuminate\\Pipeline\\Pipeline->Illuminate\\Pipeline\\{closure}(Object(Illuminate\\Http\\Request))
#50 /Users/trimuerisandes/PhpstormProjects/devel_exceljewellers/vendor/laravel/framework/src/Illuminate/Foundation/Http/Middleware/ValidatePostSize.php(27): Illuminate\\Routing\\Pipeline->Illuminate\\Routing\\{closure}(Object(Illuminate\\Http\\Request))
#51 /Users/trimuerisandes/PhpstormProjects/devel_exceljewellers/vendor/laravel/framework/src/Illuminate/Pipeline/Pipeline.php(163): Illuminate\\Foundation\\Http\\Middleware\\ValidatePostSize->handle(Object(Illuminate\\Http\\Request), Object(Closure))
#52 /Users/trimuerisandes/PhpstormProjects/devel_exceljewellers/vendor/laravel/framework/src/Illuminate/Routing/Pipeline.php(53): Illuminate\\Pipeline\\Pipeline->Illuminate\\Pipeline\\{closure}(Object(Illuminate\\Http\\Request))
#53 /Users/trimuerisandes/PhpstormProjects/devel_exceljewellers/vendor/laravel/framework/src/Illuminate/Foundation/Http/Middleware/CheckForMaintenanceMode.php(62): Illuminate\\Routing\\Pipeline->Illuminate\\Routing\\{closure}(Object(Illuminate\\Http\\Request))
#54 /Users/trimuerisandes/PhpstormProjects/devel_exceljewellers/vendor/laravel/framework/src/Illuminate/Pipeline/Pipeline.php(163): Illuminate\\Foundation\\Http\\Middleware\\CheckForMaintenanceMode->handle(Object(Illuminate\\Http\\Request), Object(Closure))
#55 /Users/trimuerisandes/PhpstormProjects/devel_exceljewellers/vendor/laravel/framework/src/Illuminate/Routing/Pipeline.php(53): Illuminate\\Pipeline\\Pipeline->Illuminate\\Pipeline\\{closure}(Object(Illuminate\\Http\\Request))
#56 /Users/trimuerisandes/PhpstormProjects/devel_exceljewellers/vendor/laravel/framework/src/Illuminate/Pipeline/Pipeline.php(104): Illuminate\\Routing\\Pipeline->Illuminate\\Routing\\{closure}(Object(Illuminate\\Http\\Request))
#57 /Users/trimuerisandes/PhpstormProjects/devel_exceljewellers/vendor/laravel/framework/src/Illuminate/Foundation/Http/Kernel.php(151): Illuminate\\Pipeline\\Pipeline->then(Object(Closure))
#58 /Users/trimuerisandes/PhpstormProjects/devel_exceljewellers/vendor/laravel/framework/src/Illuminate/Foundation/Http/Kernel.php(116): Illuminate\\Foundation\\Http\\Kernel->sendRequestThroughRouter(Object(Illuminate\\Http\\Request))
#59 /Users/trimuerisandes/PhpstormProjects/devel_exceljewellers/public/index.php(55): Illuminate\\Foundation\\Http\\Kernel->handle(Object(Illuminate\\Http\\Request))
#60 /Users/trimuerisandes/PhpstormProjects/devel_exceljewellers/server.php(21): require_once('/Users/trimueri...')
#61 {main}
"} 
