[2021-12-20 09:33:51] local.ERROR: Please provide a valid cache path. {"exception":"[object] (InvalidArgumentException(code: 0): Please provide a valid cache path. at /Users/trimuerisandes/PhpstormProjects/devel_exceljewellers/vendor/laravel/framework/src/Illuminate/View/Compilers/Compiler.php:36)
[stacktrace]
#0 /Users/trimuerisandes/PhpstormProjects/devel_exceljewellers/vendor/laravel/framework/src/Illuminate/View/ViewServiceProvider.php(141): Illuminate\\View\\Compilers\\Compiler->__construct(Object(Illuminate\\Filesystem\\Filesystem), false)
#1 /Users/trimuerisandes/PhpstormProjects/devel_exceljewellers/vendor/laravel/framework/src/Illuminate/Container/Container.php(785): Illuminate\\View\\ViewServiceProvider->Illuminate\\View\\{closure}(Object(Illuminate\\Foundation\\Application), Array)
#2 /Users/trimuerisandes/PhpstormProjects/devel_exceljewellers/vendor/laravel/framework/src/Illuminate/Container/Container.php(667): Illuminate\\Container\\Container->build(Object(Closure))
#3 /Users/trimuerisandes/PhpstormProjects/devel_exceljewellers/vendor/laravel/framework/src/Illuminate/Container/Container.php(615): Illuminate\\Container\\Container->resolve('blade.compiler', Array)
#4 /Users/trimuerisandes/PhpstormProjects/devel_exceljewellers/vendor/laravel/framework/src/Illuminate/Foundation/Application.php(767): Illuminate\\Container\\Container->make('blade.compiler', Array)
#5 /Users/trimuerisandes/PhpstormProjects/devel_exceljewellers/vendor/laravel/framework/src/Illuminate/Container/Container.php(1227): Illuminate\\Foundation\\Application->make('blade.compiler')
#6 /Users/trimuerisandes/PhpstormProjects/devel_exceljewellers/vendor/laravel/framework/src/Illuminate/Support/Facades/Facade.php(176): Illuminate\\Container\\Container->offsetGet('blade.compiler')
#7 /Users/trimuerisandes/PhpstormProjects/devel_exceljewellers/vendor/laravel/framework/src/Illuminate/Support/Facades/Facade.php(144): Illuminate\\Support\\Facades\\Facade::resolveFacadeInstance('blade.compiler')
#8 /Users/trimuerisandes/PhpstormProjects/devel_exceljewellers/vendor/laravel/framework/src/Illuminate/Support/Facades/Facade.php(233): Illuminate\\Support\\Facades\\Facade::getFacadeRoot()
#9 /Users/trimuerisandes/PhpstormProjects/devel_exceljewellers/vendor/arrilot/laravel-widgets/src/ServiceProvider.php(76): Illuminate\\Support\\Facades\\Facade::__callStatic('directive', Array)
#10 [internal function]: Arrilot\\Widgets\\ServiceProvider->boot()
#11 /Users/trimuerisandes/PhpstormProjects/devel_exceljewellers/vendor/laravel/framework/src/Illuminate/Container/BoundMethod.php(32): call_user_func_array(Array, Array)
#12 /Users/trimuerisandes/PhpstormProjects/devel_exceljewellers/vendor/laravel/framework/src/Illuminate/Container/BoundMethod.php(90): Illuminate\\Container\\BoundMethod::Illuminate\\Container\\{closure}()
#13 /Users/trimuerisandes/PhpstormProjects/devel_exceljewellers/vendor/laravel/framework/src/Illuminate/Container/BoundMethod.php(34): Illuminate\\Container\\BoundMethod::callBoundMethod(Object(Illuminate\\Foundation\\Application), Array, Object(Closure))
#14 /Users/trimuerisandes/PhpstormProjects/devel_exceljewellers/vendor/laravel/framework/src/Illuminate/Container/Container.php(576): Illuminate\\Container\\BoundMethod::call(Object(Illuminate\\Foundation\\Application), Array, Array, NULL)
#15 /Users/trimuerisandes/PhpstormProjects/devel_exceljewellers/vendor/laravel/framework/src/Illuminate/Foundation/Application.php(827): Illuminate\\Container\\Container->call(Array)
#16 /Users/trimuerisandes/PhpstormProjects/devel_exceljewellers/vendor/laravel/framework/src/Illuminate/Foundation/Application.php(810): Illuminate\\Foundation\\Application->bootProvider(Object(Arrilot\\Widgets\\ServiceProvider))
#17 [internal function]: Illuminate\\Foundation\\Application->Illuminate\\Foundation\\{closure}(Object(Arrilot\\Widgets\\ServiceProvider), 14)
#18 /Users/trimuerisandes/PhpstormProjects/devel_exceljewellers/vendor/laravel/framework/src/Illuminate/Foundation/Application.php(811): array_walk(Array, Object(Closure))
#19 /Users/trimuerisandes/PhpstormProjects/devel_exceljewellers/vendor/laravel/framework/src/Illuminate/Foundation/Bootstrap/BootProviders.php(17): Illuminate\\Foundation\\Application->boot()
#20 /Users/trimuerisandes/PhpstormProjects/devel_exceljewellers/vendor/laravel/framework/src/Illuminate/Foundation/Application.php(210): Illuminate\\Foundation\\Bootstrap\\BootProviders->bootstrap(Object(Illuminate\\Foundation\\Application))
#21 /Users/trimuerisandes/PhpstormProjects/devel_exceljewellers/vendor/laravel/framework/src/Illuminate/Foundation/Console/Kernel.php(322): Illuminate\\Foundation\\Application->bootstrapWith(Array)
#22 /Users/trimuerisandes/PhpstormProjects/devel_exceljewellers/vendor/laravel/framework/src/Illuminate/Foundation/Console/Kernel.php(131): Illuminate\\Foundation\\Console\\Kernel->bootstrap()
#23 /Users/trimuerisandes/PhpstormProjects/devel_exceljewellers/artisan(37): Illuminate\\Foundation\\Console\\Kernel->handle(Object(Symfony\\Component\\Console\\Input\\ArgvInput), Object(Symfony\\Component\\Console\\Output\\ConsoleOutput))
#24 {main}
"} 
[2021-12-20 09:37:19] local.ERROR: SQLSTATE[42000]: Syntax error or access violation: 1075 Incorrect table definition; there can be only one auto column and it must be defined as a key (SQL: create table `coupon_promos` (`id` bigint unsigned not null auto_increment primary key, `coupon_code` varchar(191) not null, `coupon_type` varchar(191) not null, `coupon_to_user` bigint unsigned null auto_increment primary key, `amount_off` decimal(65, 2) null, `percent_off` decimal(65, 2) null, `shipping_off` varchar(191) null, `price_minimum` decimal(65, 2) null, `specific_category_type` varchar(191) null, `max_redemptions` varchar(191) not null, `redeemed_by` datetime null, `created_at` timestamp null, `updated_at` timestamp null) default character set utf8mb4 collate 'utf8mb4_unicode_ci') {"exception":"[object] (Illuminate\\Database\\QueryException(code: 42000): SQLSTATE[42000]: Syntax error or access violation: 1075 Incorrect table definition; there can be only one auto column and it must be defined as a key (SQL: create table `coupon_promos` (`id` bigint unsigned not null auto_increment primary key, `coupon_code` varchar(191) not null, `coupon_type` varchar(191) not null, `coupon_to_user` bigint unsigned null auto_increment primary key, `amount_off` decimal(65, 2) null, `percent_off` decimal(65, 2) null, `shipping_off` varchar(191) null, `price_minimum` decimal(65, 2) null, `specific_category_type` varchar(191) null, `max_redemptions` varchar(191) not null, `redeemed_by` datetime null, `created_at` timestamp null, `updated_at` timestamp null) default character set utf8mb4 collate 'utf8mb4_unicode_ci') at /Users/trimuerisandes/PhpstormProjects/devel_exceljewellers/vendor/laravel/framework/src/Illuminate/Database/Connection.php:664, Doctrine\\DBAL\\Driver\\PDO\\Exception(code: 42000): SQLSTATE[42000]: Syntax error or access violation: 1075 Incorrect table definition; there can be only one auto column and it must be defined as a key at /Users/trimuerisandes/PhpstormProjects/devel_exceljewellers/vendor/doctrine/dbal/lib/Doctrine/DBAL/Driver/PDO/Exception.php:18, PDOException(code: 42000): SQLSTATE[42000]: Syntax error or access violation: 1075 Incorrect table definition; there can be only one auto column and it must be defined as a key at /Users/trimuerisandes/PhpstormProjects/devel_exceljewellers/vendor/doctrine/dbal/lib/Doctrine/DBAL/Driver/PDOStatement.php:112)
[stacktrace]
#0 /Users/trimuerisandes/PhpstormProjects/devel_exceljewellers/vendor/laravel/framework/src/Illuminate/Database/Connection.php(624): Illuminate\\Database\\Connection->runQueryCallback('create table `c...', Array, Object(Closure))
#1 /Users/trimuerisandes/PhpstormProjects/devel_exceljewellers/vendor/laravel/framework/src/Illuminate/Database/Connection.php(459): Illuminate\\Database\\Connection->run('create table `c...', Array, Object(Closure))
#2 /Users/trimuerisandes/PhpstormProjects/devel_exceljewellers/vendor/laravel/framework/src/Illuminate/Database/Schema/Blueprint.php(97): Illuminate\\Database\\Connection->statement('create table `c...')
#3 /Users/trimuerisandes/PhpstormProjects/devel_exceljewellers/vendor/laravel/framework/src/Illuminate/Database/Schema/Builder.php(278): Illuminate\\Database\\Schema\\Blueprint->build(Object(Larapack\\DoctrineSupport\\Connections\\MySqlConnection), Object(Illuminate\\Database\\Schema\\Grammars\\MySqlGrammar))
#4 /Users/trimuerisandes/PhpstormProjects/devel_exceljewellers/vendor/laravel/framework/src/Illuminate/Database/Schema/Builder.php(167): Illuminate\\Database\\Schema\\Builder->build(Object(Illuminate\\Database\\Schema\\Blueprint))
#5 /Users/trimuerisandes/PhpstormProjects/devel_exceljewellers/vendor/laravel/framework/src/Illuminate/Support/Facades/Facade.php(239): Illuminate\\Database\\Schema\\Builder->create('coupon_promos', Object(Closure))
#6 /Users/trimuerisandes/PhpstormProjects/devel_exceljewellers/database/migrations/2021_05_01_065514_coupon_promo.php(29): Illuminate\\Support\\Facades\\Facade::__callStatic('create', Array)
#7 /Users/trimuerisandes/PhpstormProjects/devel_exceljewellers/vendor/laravel/framework/src/Illuminate/Database/Migrations/Migrator.php(387): CouponPromo->up()
#8 /Users/trimuerisandes/PhpstormProjects/devel_exceljewellers/vendor/laravel/framework/src/Illuminate/Database/Migrations/Migrator.php(396): Illuminate\\Database\\Migrations\\Migrator->Illuminate\\Database\\Migrations\\{closure}()
#9 /Users/trimuerisandes/PhpstormProjects/devel_exceljewellers/vendor/laravel/framework/src/Illuminate/Database/Migrations/Migrator.php(197): Illuminate\\Database\\Migrations\\Migrator->runMigration(Object(CouponPromo), 'up')
#10 /Users/trimuerisandes/PhpstormProjects/devel_exceljewellers/vendor/laravel/framework/src/Illuminate/Database/Migrations/Migrator.php(162): Illuminate\\Database\\Migrations\\Migrator->runUp('/Users/trimueri...', 1, false)
#11 /Users/trimuerisandes/PhpstormProjects/devel_exceljewellers/vendor/laravel/framework/src/Illuminate/Database/Migrations/Migrator.php(109): Illuminate\\Database\\Migrations\\Migrator->runPending(Array, Array)
#12 /Users/trimuerisandes/PhpstormProjects/devel_exceljewellers/vendor/laravel/framework/src/Illuminate/Database/Console/Migrations/MigrateCommand.php(71): Illuminate\\Database\\Migrations\\Migrator->run(Array, Array)
#13 [internal function]: Illuminate\\Database\\Console\\Migrations\\MigrateCommand->handle()
#14 /Users/trimuerisandes/PhpstormProjects/devel_exceljewellers/vendor/laravel/framework/src/Illuminate/Container/BoundMethod.php(32): call_user_func_array(Array, Array)
#15 /Users/trimuerisandes/PhpstormProjects/devel_exceljewellers/vendor/laravel/framework/src/Illuminate/Container/BoundMethod.php(90): Illuminate\\Container\\BoundMethod::Illuminate\\Container\\{closure}()
#16 /Users/trimuerisandes/PhpstormProjects/devel_exceljewellers/vendor/laravel/framework/src/Illuminate/Container/BoundMethod.php(34): Illuminate\\Container\\BoundMethod::callBoundMethod(Object(Illuminate\\Foundation\\Application), Array, Object(Closure))
#17 /Users/trimuerisandes/PhpstormProjects/devel_exceljewellers/vendor/laravel/framework/src/Illuminate/Container/Container.php(576): Illuminate\\Container\\BoundMethod::call(Object(Illuminate\\Foundation\\Application), Array, Array, NULL)
#18 /Users/trimuerisandes/PhpstormProjects/devel_exceljewellers/vendor/laravel/framework/src/Illuminate/Console/Command.php(183): Illuminate\\Container\\Container->call(Array)
#19 /Users/trimuerisandes/PhpstormProjects/devel_exceljewellers/vendor/symfony/console/Command/Command.php(255): Illuminate\\Console\\Command->execute(Object(Symfony\\Component\\Console\\Input\\ArgvInput), Object(Illuminate\\Console\\OutputStyle))
#20 /Users/trimuerisandes/PhpstormProjects/devel_exceljewellers/vendor/laravel/framework/src/Illuminate/Console/Command.php(170): Symfony\\Component\\Console\\Command\\Command->run(Object(Symfony\\Component\\Console\\Input\\ArgvInput), Object(Illuminate\\Console\\OutputStyle))
#21 /Users/trimuerisandes/PhpstormProjects/devel_exceljewellers/vendor/symfony/console/Application.php(1009): Illuminate\\Console\\Command->run(Object(Symfony\\Component\\Console\\Input\\ArgvInput), Object(Symfony\\Component\\Console\\Output\\ConsoleOutput))
#22 /Users/trimuerisandes/PhpstormProjects/devel_exceljewellers/vendor/symfony/console/Application.php(273): Symfony\\Component\\Console\\Application->doRunCommand(Object(Illuminate\\Database\\Console\\Migrations\\MigrateCommand), Object(Symfony\\Component\\Console\\Input\\ArgvInput), Object(Symfony\\Component\\Console\\Output\\ConsoleOutput))
#23 /Users/trimuerisandes/PhpstormProjects/devel_exceljewellers/vendor/symfony/console/Application.php(149): Symfony\\Component\\Console\\Application->doRun(Object(Symfony\\Component\\Console\\Input\\ArgvInput), Object(Symfony\\Component\\Console\\Output\\ConsoleOutput))
#24 /Users/trimuerisandes/PhpstormProjects/devel_exceljewellers/vendor/laravel/framework/src/Illuminate/Console/Application.php(90): Symfony\\Component\\Console\\Application->run(Object(Symfony\\Component\\Console\\Input\\ArgvInput), Object(Symfony\\Component\\Console\\Output\\ConsoleOutput))
#25 /Users/trimuerisandes/PhpstormProjects/devel_exceljewellers/vendor/laravel/framework/src/Illuminate/Foundation/Console/Kernel.php(133): Illuminate\\Console\\Application->run(Object(Symfony\\Component\\Console\\Input\\ArgvInput), Object(Symfony\\Component\\Console\\Output\\ConsoleOutput))
#26 /Users/trimuerisandes/PhpstormProjects/devel_exceljewellers/artisan(37): Illuminate\\Foundation\\Console\\Kernel->handle(Object(Symfony\\Component\\Console\\Input\\ArgvInput), Object(Symfony\\Component\\Console\\Output\\ConsoleOutput))
#27 {main}
"} 
[2021-12-20 09:38:06] local.ERROR: No application encryption key has been specified. {"exception":"[object] (RuntimeException(code: 0): No application encryption key has been specified. at /Users/trimuerisandes/PhpstormProjects/devel_exceljewellers/vendor/laravel/framework/src/Illuminate/Encryption/EncryptionServiceProvider.php:44)
[stacktrace]
#0 /Users/trimuerisandes/PhpstormProjects/devel_exceljewellers/vendor/laravel/framework/src/Illuminate/Support/helpers.php(1124): Illuminate\\Encryption\\EncryptionServiceProvider->Illuminate\\Encryption\\{closure}('')
#1 /Users/trimuerisandes/PhpstormProjects/devel_exceljewellers/vendor/laravel/framework/src/Illuminate/Encryption/EncryptionServiceProvider.php(48): tap('', Object(Closure))
#2 /Users/trimuerisandes/PhpstormProjects/devel_exceljewellers/vendor/laravel/framework/src/Illuminate/Encryption/EncryptionServiceProvider.php(24): Illuminate\\Encryption\\EncryptionServiceProvider->key(Array)
#3 /Users/trimuerisandes/PhpstormProjects/devel_exceljewellers/vendor/laravel/framework/src/Illuminate/Container/Container.php(785): Illuminate\\Encryption\\EncryptionServiceProvider->Illuminate\\Encryption\\{closure}(Object(Illuminate\\Foundation\\Application), Array)
#4 /Users/trimuerisandes/PhpstormProjects/devel_exceljewellers/vendor/laravel/framework/src/Illuminate/Container/Container.php(667): Illuminate\\Container\\Container->build(Object(Closure))
#5 /Users/trimuerisandes/PhpstormProjects/devel_exceljewellers/vendor/laravel/framework/src/Illuminate/Container/Container.php(615): Illuminate\\Container\\Container->resolve('encrypter', Array)
#6 /Users/trimuerisandes/PhpstormProjects/devel_exceljewellers/vendor/laravel/framework/src/Illuminate/Foundation/Application.php(767): Illuminate\\Container\\Container->make('encrypter', Array)
#7 /Users/trimuerisandes/PhpstormProjects/devel_exceljewellers/vendor/laravel/framework/src/Illuminate/Container/Container.php(927): Illuminate\\Foundation\\Application->make('encrypter')
#8 /Users/trimuerisandes/PhpstormProjects/devel_exceljewellers/vendor/laravel/framework/src/Illuminate/Container/Container.php(855): Illuminate\\Container\\Container->resolveClass(Object(ReflectionParameter))
#9 /Users/trimuerisandes/PhpstormProjects/devel_exceljewellers/vendor/laravel/framework/src/Illuminate/Container/Container.php(816): Illuminate\\Container\\Container->resolveDependencies(Array)
#10 /Users/trimuerisandes/PhpstormProjects/devel_exceljewellers/vendor/laravel/framework/src/Illuminate/Container/Container.php(667): Illuminate\\Container\\Container->build('App\\\\Http\\\\Middle...')
#11 /Users/trimuerisandes/PhpstormProjects/devel_exceljewellers/vendor/laravel/framework/src/Illuminate/Container/Container.php(615): Illuminate\\Container\\Container->resolve('App\\\\Http\\\\Middle...', Array)
#12 /Users/trimuerisandes/PhpstormProjects/devel_exceljewellers/vendor/laravel/framework/src/Illuminate/Foundation/Application.php(767): Illuminate\\Container\\Container->make('App\\\\Http\\\\Middle...', Array)
#13 /Users/trimuerisandes/PhpstormProjects/devel_exceljewellers/vendor/laravel/framework/src/Illuminate/Pipeline/Pipeline.php(152): Illuminate\\Foundation\\Application->make('App\\\\Http\\\\Middle...')
#14 /Users/trimuerisandes/PhpstormProjects/devel_exceljewellers/vendor/laravel/framework/src/Illuminate/Routing/Pipeline.php(53): Illuminate\\Pipeline\\Pipeline->Illuminate\\Pipeline\\{closure}(Object(Illuminate\\Http\\Request))
#15 /Users/trimuerisandes/PhpstormProjects/devel_exceljewellers/vendor/laravel/framework/src/Illuminate/Pipeline/Pipeline.php(104): Illuminate\\Routing\\Pipeline->Illuminate\\Routing\\{closure}(Object(Illuminate\\Http\\Request))
#16 /Users/trimuerisandes/PhpstormProjects/devel_exceljewellers/vendor/laravel/framework/src/Illuminate/Routing/Router.php(682): Illuminate\\Pipeline\\Pipeline->then(Object(Closure))
#17 /Users/trimuerisandes/PhpstormProjects/devel_exceljewellers/vendor/laravel/framework/src/Illuminate/Routing/Router.php(657): Illuminate\\Routing\\Router->runRouteWithinStack(Object(Illuminate\\Routing\\Route), Object(Illuminate\\Http\\Request))
#18 /Users/trimuerisandes/PhpstormProjects/devel_exceljewellers/vendor/laravel/framework/src/Illuminate/Routing/Router.php(623): Illuminate\\Routing\\Router->runRoute(Object(Illuminate\\Http\\Request), Object(Illuminate\\Routing\\Route))
#19 /Users/trimuerisandes/PhpstormProjects/devel_exceljewellers/vendor/laravel/framework/src/Illuminate/Routing/Router.php(612): Illuminate\\Routing\\Router->dispatchToRoute(Object(Illuminate\\Http\\Request))
#20 /Users/trimuerisandes/PhpstormProjects/devel_exceljewellers/vendor/laravel/framework/src/Illuminate/Foundation/Http/Kernel.php(176): Illuminate\\Routing\\Router->dispatch(Object(Illuminate\\Http\\Request))
#21 /Users/trimuerisandes/PhpstormProjects/devel_exceljewellers/vendor/laravel/framework/src/Illuminate/Routing/Pipeline.php(30): Illuminate\\Foundation\\Http\\Kernel->Illuminate\\Foundation\\Http\\{closure}(Object(Illuminate\\Http\\Request))
#22 /Users/trimuerisandes/PhpstormProjects/devel_exceljewellers/vendor/fideloper/proxy/src/TrustProxies.php(57): Illuminate\\Routing\\Pipeline->Illuminate\\Routing\\{closure}(Object(Illuminate\\Http\\Request))
#23 /Users/trimuerisandes/PhpstormProjects/devel_exceljewellers/vendor/laravel/framework/src/Illuminate/Pipeline/Pipeline.php(163): Fideloper\\Proxy\\TrustProxies->handle(Object(Illuminate\\Http\\Request), Object(Closure))
#24 /Users/trimuerisandes/PhpstormProjects/devel_exceljewellers/vendor/laravel/framework/src/Illuminate/Routing/Pipeline.php(53): Illuminate\\Pipeline\\Pipeline->Illuminate\\Pipeline\\{closure}(Object(Illuminate\\Http\\Request))
#25 /Users/trimuerisandes/PhpstormProjects/devel_exceljewellers/vendor/laravel/framework/src/Illuminate/Foundation/Http/Middleware/TransformsRequest.php(21): Illuminate\\Routing\\Pipeline->Illuminate\\Routing\\{closure}(Object(Illuminate\\Http\\Request))
#26 /Users/trimuerisandes/PhpstormProjects/devel_exceljewellers/vendor/laravel/framework/src/Illuminate/Pipeline/Pipeline.php(163): Illuminate\\Foundation\\Http\\Middleware\\TransformsRequest->handle(Object(Illuminate\\Http\\Request), Object(Closure))
#27 /Users/trimuerisandes/PhpstormProjects/devel_exceljewellers/vendor/laravel/framework/src/Illuminate/Routing/Pipeline.php(53): Illuminate\\Pipeline\\Pipeline->Illuminate\\Pipeline\\{closure}(Object(Illuminate\\Http\\Request))
#28 /Users/trimuerisandes/PhpstormProjects/devel_exceljewellers/vendor/laravel/framework/src/Illuminate/Foundation/Http/Middleware/TransformsRequest.php(21): Illuminate\\Routing\\Pipeline->Illuminate\\Routing\\{closure}(Object(Illuminate\\Http\\Request))
#29 /Users/trimuerisandes/PhpstormProjects/devel_exceljewellers/vendor/laravel/framework/src/Illuminate/Pipeline/Pipeline.php(163): Illuminate\\Foundation\\Http\\Middleware\\TransformsRequest->handle(Object(Illuminate\\Http\\Request), Object(Closure))
#30 /Users/trimuerisandes/PhpstormProjects/devel_exceljewellers/vendor/laravel/framework/src/Illuminate/Routing/Pipeline.php(53): Illuminate\\Pipeline\\Pipeline->Illuminate\\Pipeline\\{closure}(Object(Illuminate\\Http\\Request))
#31 /Users/trimuerisandes/PhpstormProjects/devel_exceljewellers/vendor/laravel/framework/src/Illuminate/Foundation/Http/Middleware/ValidatePostSize.php(27): Illuminate\\Routing\\Pipeline->Illuminate\\Routing\\{closure}(Object(Illuminate\\Http\\Request))
#32 /Users/trimuerisandes/PhpstormProjects/devel_exceljewellers/vendor/laravel/framework/src/Illuminate/Pipeline/Pipeline.php(163): Illuminate\\Foundation\\Http\\Middleware\\ValidatePostSize->handle(Object(Illuminate\\Http\\Request), Object(Closure))
#33 /Users/trimuerisandes/PhpstormProjects/devel_exceljewellers/vendor/laravel/framework/src/Illuminate/Routing/Pipeline.php(53): Illuminate\\Pipeline\\Pipeline->Illuminate\\Pipeline\\{closure}(Object(Illuminate\\Http\\Request))
#34 /Users/trimuerisandes/PhpstormProjects/devel_exceljewellers/vendor/laravel/framework/src/Illuminate/Foundation/Http/Middleware/CheckForMaintenanceMode.php(62): Illuminate\\Routing\\Pipeline->Illuminate\\Routing\\{closure}(Object(Illuminate\\Http\\Request))
#35 /Users/trimuerisandes/PhpstormProjects/devel_exceljewellers/vendor/laravel/framework/src/Illuminate/Pipeline/Pipeline.php(163): Illuminate\\Foundation\\Http\\Middleware\\CheckForMaintenanceMode->handle(Object(Illuminate\\Http\\Request), Object(Closure))
#36 /Users/trimuerisandes/PhpstormProjects/devel_exceljewellers/vendor/laravel/framework/src/Illuminate/Routing/Pipeline.php(53): Illuminate\\Pipeline\\Pipeline->Illuminate\\Pipeline\\{closure}(Object(Illuminate\\Http\\Request))
#37 /Users/trimuerisandes/PhpstormProjects/devel_exceljewellers/vendor/laravel/framework/src/Illuminate/Pipeline/Pipeline.php(104): Illuminate\\Routing\\Pipeline->Illuminate\\Routing\\{closure}(Object(Illuminate\\Http\\Request))
#38 /Users/trimuerisandes/PhpstormProjects/devel_exceljewellers/vendor/laravel/framework/src/Illuminate/Foundation/Http/Kernel.php(151): Illuminate\\Pipeline\\Pipeline->then(Object(Closure))
#39 /Users/trimuerisandes/PhpstormProjects/devel_exceljewellers/vendor/laravel/framework/src/Illuminate/Foundation/Http/Kernel.php(116): Illuminate\\Foundation\\Http\\Kernel->sendRequestThroughRouter(Object(Illuminate\\Http\\Request))
#40 /Users/trimuerisandes/PhpstormProjects/devel_exceljewellers/public/index.php(55): Illuminate\\Foundation\\Http\\Kernel->handle(Object(Illuminate\\Http\\Request))
#41 /Users/trimuerisandes/PhpstormProjects/devel_exceljewellers/server.php(21): require_once('/Users/trimueri...')
#42 {main}
"} 
[2021-12-20 09:38:06] local.ERROR: No application encryption key has been specified. {"exception":"[object] (RuntimeException(code: 0): No application encryption key has been specified. at /Users/trimuerisandes/PhpstormProjects/devel_exceljewellers/vendor/laravel/framework/src/Illuminate/Encryption/EncryptionServiceProvider.php:44)
[stacktrace]
#0 /Users/trimuerisandes/PhpstormProjects/devel_exceljewellers/vendor/laravel/framework/src/Illuminate/Support/helpers.php(1124): Illuminate\\Encryption\\EncryptionServiceProvider->Illuminate\\Encryption\\{closure}('')
#1 /Users/trimuerisandes/PhpstormProjects/devel_exceljewellers/vendor/laravel/framework/src/Illuminate/Encryption/EncryptionServiceProvider.php(48): tap('', Object(Closure))
#2 /Users/trimuerisandes/PhpstormProjects/devel_exceljewellers/vendor/laravel/framework/src/Illuminate/Encryption/EncryptionServiceProvider.php(24): Illuminate\\Encryption\\EncryptionServiceProvider->key(Array)
#3 /Users/trimuerisandes/PhpstormProjects/devel_exceljewellers/vendor/laravel/framework/src/Illuminate/Container/Container.php(785): Illuminate\\Encryption\\EncryptionServiceProvider->Illuminate\\Encryption\\{closure}(Object(Illuminate\\Foundation\\Application), Array)
#4 /Users/trimuerisandes/PhpstormProjects/devel_exceljewellers/vendor/laravel/framework/src/Illuminate/Container/Container.php(667): Illuminate\\Container\\Container->build(Object(Closure))
#5 /Users/trimuerisandes/PhpstormProjects/devel_exceljewellers/vendor/laravel/framework/src/Illuminate/Container/Container.php(615): Illuminate\\Container\\Container->resolve('encrypter', Array)
#6 /Users/trimuerisandes/PhpstormProjects/devel_exceljewellers/vendor/laravel/framework/src/Illuminate/Foundation/Application.php(767): Illuminate\\Container\\Container->make('encrypter', Array)
#7 /Users/trimuerisandes/PhpstormProjects/devel_exceljewellers/vendor/laravel/framework/src/Illuminate/Container/Container.php(927): Illuminate\\Foundation\\Application->make('encrypter')
#8 /Users/trimuerisandes/PhpstormProjects/devel_exceljewellers/vendor/laravel/framework/src/Illuminate/Container/Container.php(855): Illuminate\\Container\\Container->resolveClass(Object(ReflectionParameter))
#9 /Users/trimuerisandes/PhpstormProjects/devel_exceljewellers/vendor/laravel/framework/src/Illuminate/Container/Container.php(816): Illuminate\\Container\\Container->resolveDependencies(Array)
#10 /Users/trimuerisandes/PhpstormProjects/devel_exceljewellers/vendor/laravel/framework/src/Illuminate/Container/Container.php(667): Illuminate\\Container\\Container->build('App\\\\Http\\\\Middle...')
#11 /Users/trimuerisandes/PhpstormProjects/devel_exceljewellers/vendor/laravel/framework/src/Illuminate/Container/Container.php(615): Illuminate\\Container\\Container->resolve('App\\\\Http\\\\Middle...', Array)
#12 /Users/trimuerisandes/PhpstormProjects/devel_exceljewellers/vendor/laravel/framework/src/Illuminate/Foundation/Application.php(767): Illuminate\\Container\\Container->make('App\\\\Http\\\\Middle...', Array)
#13 /Users/trimuerisandes/PhpstormProjects/devel_exceljewellers/vendor/laravel/framework/src/Illuminate/Foundation/Http/Kernel.php(215): Illuminate\\Foundation\\Application->make('App\\\\Http\\\\Middle...')
#14 /Users/trimuerisandes/PhpstormProjects/devel_exceljewellers/vendor/laravel/framework/src/Illuminate/Foundation/Http/Kernel.php(189): Illuminate\\Foundation\\Http\\Kernel->terminateMiddleware(Object(Illuminate\\Http\\Request), Object(Illuminate\\Http\\Response))
#15 /Users/trimuerisandes/PhpstormProjects/devel_exceljewellers/public/index.php(60): Illuminate\\Foundation\\Http\\Kernel->terminate(Object(Illuminate\\Http\\Request), Object(Illuminate\\Http\\Response))
#16 /Users/trimuerisandes/PhpstormProjects/devel_exceljewellers/server.php(21): require_once('/Users/trimueri...')
#17 {main}
"} 
[2021-12-20 09:38:32] local.ERROR: No application encryption key has been specified. {"exception":"[object] (RuntimeException(code: 0): No application encryption key has been specified. at /Users/trimuerisandes/PhpstormProjects/devel_exceljewellers/vendor/laravel/framework/src/Illuminate/Encryption/EncryptionServiceProvider.php:44)
[stacktrace]
#0 /Users/trimuerisandes/PhpstormProjects/devel_exceljewellers/vendor/laravel/framework/src/Illuminate/Support/helpers.php(1124): Illuminate\\Encryption\\EncryptionServiceProvider->Illuminate\\Encryption\\{closure}('')
#1 /Users/trimuerisandes/PhpstormProjects/devel_exceljewellers/vendor/laravel/framework/src/Illuminate/Encryption/EncryptionServiceProvider.php(48): tap('', Object(Closure))
#2 /Users/trimuerisandes/PhpstormProjects/devel_exceljewellers/vendor/laravel/framework/src/Illuminate/Encryption/EncryptionServiceProvider.php(24): Illuminate\\Encryption\\EncryptionServiceProvider->key(Array)
#3 /Users/trimuerisandes/PhpstormProjects/devel_exceljewellers/vendor/laravel/framework/src/Illuminate/Container/Container.php(785): Illuminate\\Encryption\\EncryptionServiceProvider->Illuminate\\Encryption\\{closure}(Object(Illuminate\\Foundation\\Application), Array)
#4 /Users/trimuerisandes/PhpstormProjects/devel_exceljewellers/vendor/laravel/framework/src/Illuminate/Container/Container.php(667): Illuminate\\Container\\Container->build(Object(Closure))
#5 /Users/trimuerisandes/PhpstormProjects/devel_exceljewellers/vendor/laravel/framework/src/Illuminate/Container/Container.php(615): Illuminate\\Container\\Container->resolve('encrypter', Array)
#6 /Users/trimuerisandes/PhpstormProjects/devel_exceljewellers/vendor/laravel/framework/src/Illuminate/Foundation/Application.php(767): Illuminate\\Container\\Container->make('encrypter', Array)
#7 /Users/trimuerisandes/PhpstormProjects/devel_exceljewellers/vendor/laravel/framework/src/Illuminate/Container/Container.php(927): Illuminate\\Foundation\\Application->make('encrypter')
#8 /Users/trimuerisandes/PhpstormProjects/devel_exceljewellers/vendor/laravel/framework/src/Illuminate/Container/Container.php(855): Illuminate\\Container\\Container->resolveClass(Object(ReflectionParameter))
#9 /Users/trimuerisandes/PhpstormProjects/devel_exceljewellers/vendor/laravel/framework/src/Illuminate/Container/Container.php(816): Illuminate\\Container\\Container->resolveDependencies(Array)
#10 /Users/trimuerisandes/PhpstormProjects/devel_exceljewellers/vendor/laravel/framework/src/Illuminate/Container/Container.php(667): Illuminate\\Container\\Container->build('App\\\\Http\\\\Middle...')
#11 /Users/trimuerisandes/PhpstormProjects/devel_exceljewellers/vendor/laravel/framework/src/Illuminate/Container/Container.php(615): Illuminate\\Container\\Container->resolve('App\\\\Http\\\\Middle...', Array)
#12 /Users/trimuerisandes/PhpstormProjects/devel_exceljewellers/vendor/laravel/framework/src/Illuminate/Foundation/Application.php(767): Illuminate\\Container\\Container->make('App\\\\Http\\\\Middle...', Array)
#13 /Users/trimuerisandes/PhpstormProjects/devel_exceljewellers/vendor/laravel/framework/src/Illuminate/Pipeline/Pipeline.php(152): Illuminate\\Foundation\\Application->make('App\\\\Http\\\\Middle...')
#14 /Users/trimuerisandes/PhpstormProjects/devel_exceljewellers/vendor/laravel/framework/src/Illuminate/Routing/Pipeline.php(53): Illuminate\\Pipeline\\Pipeline->Illuminate\\Pipeline\\{closure}(Object(Illuminate\\Http\\Request))
#15 /Users/trimuerisandes/PhpstormProjects/devel_exceljewellers/vendor/laravel/framework/src/Illuminate/Pipeline/Pipeline.php(104): Illuminate\\Routing\\Pipeline->Illuminate\\Routing\\{closure}(Object(Illuminate\\Http\\Request))
#16 /Users/trimuerisandes/PhpstormProjects/devel_exceljewellers/vendor/laravel/framework/src/Illuminate/Routing/Router.php(682): Illuminate\\Pipeline\\Pipeline->then(Object(Closure))
#17 /Users/trimuerisandes/PhpstormProjects/devel_exceljewellers/vendor/laravel/framework/src/Illuminate/Routing/Router.php(657): Illuminate\\Routing\\Router->runRouteWithinStack(Object(Illuminate\\Routing\\Route), Object(Illuminate\\Http\\Request))
#18 /Users/trimuerisandes/PhpstormProjects/devel_exceljewellers/vendor/laravel/framework/src/Illuminate/Routing/Router.php(623): Illuminate\\Routing\\Router->runRoute(Object(Illuminate\\Http\\Request), Object(Illuminate\\Routing\\Route))
#19 /Users/trimuerisandes/PhpstormProjects/devel_exceljewellers/vendor/laravel/framework/src/Illuminate/Routing/Router.php(612): Illuminate\\Routing\\Router->dispatchToRoute(Object(Illuminate\\Http\\Request))
#20 /Users/trimuerisandes/PhpstormProjects/devel_exceljewellers/vendor/laravel/framework/src/Illuminate/Foundation/Http/Kernel.php(176): Illuminate\\Routing\\Router->dispatch(Object(Illuminate\\Http\\Request))
#21 /Users/trimuerisandes/PhpstormProjects/devel_exceljewellers/vendor/laravel/framework/src/Illuminate/Routing/Pipeline.php(30): Illuminate\\Foundation\\Http\\Kernel->Illuminate\\Foundation\\Http\\{closure}(Object(Illuminate\\Http\\Request))
#22 /Users/trimuerisandes/PhpstormProjects/devel_exceljewellers/vendor/fideloper/proxy/src/TrustProxies.php(57): Illuminate\\Routing\\Pipeline->Illuminate\\Routing\\{closure}(Object(Illuminate\\Http\\Request))
#23 /Users/trimuerisandes/PhpstormProjects/devel_exceljewellers/vendor/laravel/framework/src/Illuminate/Pipeline/Pipeline.php(163): Fideloper\\Proxy\\TrustProxies->handle(Object(Illuminate\\Http\\Request), Object(Closure))
#24 /Users/trimuerisandes/PhpstormProjects/devel_exceljewellers/vendor/laravel/framework/src/Illuminate/Routing/Pipeline.php(53): Illuminate\\Pipeline\\Pipeline->Illuminate\\Pipeline\\{closure}(Object(Illuminate\\Http\\Request))
#25 /Users/trimuerisandes/PhpstormProjects/devel_exceljewellers/vendor/laravel/framework/src/Illuminate/Foundation/Http/Middleware/TransformsRequest.php(21): Illuminate\\Routing\\Pipeline->Illuminate\\Routing\\{closure}(Object(Illuminate\\Http\\Request))
#26 /Users/trimuerisandes/PhpstormProjects/devel_exceljewellers/vendor/laravel/framework/src/Illuminate/Pipeline/Pipeline.php(163): Illuminate\\Foundation\\Http\\Middleware\\TransformsRequest->handle(Object(Illuminate\\Http\\Request), Object(Closure))
#27 /Users/trimuerisandes/PhpstormProjects/devel_exceljewellers/vendor/laravel/framework/src/Illuminate/Routing/Pipeline.php(53): Illuminate\\Pipeline\\Pipeline->Illuminate\\Pipeline\\{closure}(Object(Illuminate\\Http\\Request))
#28 /Users/trimuerisandes/PhpstormProjects/devel_exceljewellers/vendor/laravel/framework/src/Illuminate/Foundation/Http/Middleware/TransformsRequest.php(21): Illuminate\\Routing\\Pipeline->Illuminate\\Routing\\{closure}(Object(Illuminate\\Http\\Request))
#29 /Users/trimuerisandes/PhpstormProjects/devel_exceljewellers/vendor/laravel/framework/src/Illuminate/Pipeline/Pipeline.php(163): Illuminate\\Foundation\\Http\\Middleware\\TransformsRequest->handle(Object(Illuminate\\Http\\Request), Object(Closure))
#30 /Users/trimuerisandes/PhpstormProjects/devel_exceljewellers/vendor/laravel/framework/src/Illuminate/Routing/Pipeline.php(53): Illuminate\\Pipeline\\Pipeline->Illuminate\\Pipeline\\{closure}(Object(Illuminate\\Http\\Request))
#31 /Users/trimuerisandes/PhpstormProjects/devel_exceljewellers/vendor/laravel/framework/src/Illuminate/Foundation/Http/Middleware/ValidatePostSize.php(27): Illuminate\\Routing\\Pipeline->Illuminate\\Routing\\{closure}(Object(Illuminate\\Http\\Request))
#32 /Users/trimuerisandes/PhpstormProjects/devel_exceljewellers/vendor/laravel/framework/src/Illuminate/Pipeline/Pipeline.php(163): Illuminate\\Foundation\\Http\\Middleware\\ValidatePostSize->handle(Object(Illuminate\\Http\\Request), Object(Closure))
#33 /Users/trimuerisandes/PhpstormProjects/devel_exceljewellers/vendor/laravel/framework/src/Illuminate/Routing/Pipeline.php(53): Illuminate\\Pipeline\\Pipeline->Illuminate\\Pipeline\\{closure}(Object(Illuminate\\Http\\Request))
#34 /Users/trimuerisandes/PhpstormProjects/devel_exceljewellers/vendor/laravel/framework/src/Illuminate/Foundation/Http/Middleware/CheckForMaintenanceMode.php(62): Illuminate\\Routing\\Pipeline->Illuminate\\Routing\\{closure}(Object(Illuminate\\Http\\Request))
#35 /Users/trimuerisandes/PhpstormProjects/devel_exceljewellers/vendor/laravel/framework/src/Illuminate/Pipeline/Pipeline.php(163): Illuminate\\Foundation\\Http\\Middleware\\CheckForMaintenanceMode->handle(Object(Illuminate\\Http\\Request), Object(Closure))
#36 /Users/trimuerisandes/PhpstormProjects/devel_exceljewellers/vendor/laravel/framework/src/Illuminate/Routing/Pipeline.php(53): Illuminate\\Pipeline\\Pipeline->Illuminate\\Pipeline\\{closure}(Object(Illuminate\\Http\\Request))
#37 /Users/trimuerisandes/PhpstormProjects/devel_exceljewellers/vendor/laravel/framework/src/Illuminate/Pipeline/Pipeline.php(104): Illuminate\\Routing\\Pipeline->Illuminate\\Routing\\{closure}(Object(Illuminate\\Http\\Request))
#38 /Users/trimuerisandes/PhpstormProjects/devel_exceljewellers/vendor/laravel/framework/src/Illuminate/Foundation/Http/Kernel.php(151): Illuminate\\Pipeline\\Pipeline->then(Object(Closure))
#39 /Users/trimuerisandes/PhpstormProjects/devel_exceljewellers/vendor/laravel/framework/src/Illuminate/Foundation/Http/Kernel.php(116): Illuminate\\Foundation\\Http\\Kernel->sendRequestThroughRouter(Object(Illuminate\\Http\\Request))
#40 /Users/trimuerisandes/PhpstormProjects/devel_exceljewellers/public/index.php(55): Illuminate\\Foundation\\Http\\Kernel->handle(Object(Illuminate\\Http\\Request))
#41 /Users/trimuerisandes/PhpstormProjects/devel_exceljewellers/server.php(21): require_once('/Users/trimueri...')
#42 {main}
"} 
[2021-12-20 09:38:32] local.ERROR: No application encryption key has been specified. {"exception":"[object] (RuntimeException(code: 0): No application encryption key has been specified. at /Users/trimuerisandes/PhpstormProjects/devel_exceljewellers/vendor/laravel/framework/src/Illuminate/Encryption/EncryptionServiceProvider.php:44)
[stacktrace]
#0 /Users/trimuerisandes/PhpstormProjects/devel_exceljewellers/vendor/laravel/framework/src/Illuminate/Support/helpers.php(1124): Illuminate\\Encryption\\EncryptionServiceProvider->Illuminate\\Encryption\\{closure}('')
#1 /Users/trimuerisandes/PhpstormProjects/devel_exceljewellers/vendor/laravel/framework/src/Illuminate/Encryption/EncryptionServiceProvider.php(48): tap('', Object(Closure))
#2 /Users/trimuerisandes/PhpstormProjects/devel_exceljewellers/vendor/laravel/framework/src/Illuminate/Encryption/EncryptionServiceProvider.php(24): Illuminate\\Encryption\\EncryptionServiceProvider->key(Array)
#3 /Users/trimuerisandes/PhpstormProjects/devel_exceljewellers/vendor/laravel/framework/src/Illuminate/Container/Container.php(785): Illuminate\\Encryption\\EncryptionServiceProvider->Illuminate\\Encryption\\{closure}(Object(Illuminate\\Foundation\\Application), Array)
#4 /Users/trimuerisandes/PhpstormProjects/devel_exceljewellers/vendor/laravel/framework/src/Illuminate/Container/Container.php(667): Illuminate\\Container\\Container->build(Object(Closure))
#5 /Users/trimuerisandes/PhpstormProjects/devel_exceljewellers/vendor/laravel/framework/src/Illuminate/Container/Container.php(615): Illuminate\\Container\\Container->resolve('encrypter', Array)
#6 /Users/trimuerisandes/PhpstormProjects/devel_exceljewellers/vendor/laravel/framework/src/Illuminate/Foundation/Application.php(767): Illuminate\\Container\\Container->make('encrypter', Array)
#7 /Users/trimuerisandes/PhpstormProjects/devel_exceljewellers/vendor/laravel/framework/src/Illuminate/Container/Container.php(927): Illuminate\\Foundation\\Application->make('encrypter')
#8 /Users/trimuerisandes/PhpstormProjects/devel_exceljewellers/vendor/laravel/framework/src/Illuminate/Container/Container.php(855): Illuminate\\Container\\Container->resolveClass(Object(ReflectionParameter))
#9 /Users/trimuerisandes/PhpstormProjects/devel_exceljewellers/vendor/laravel/framework/src/Illuminate/Container/Container.php(816): Illuminate\\Container\\Container->resolveDependencies(Array)
#10 /Users/trimuerisandes/PhpstormProjects/devel_exceljewellers/vendor/laravel/framework/src/Illuminate/Container/Container.php(667): Illuminate\\Container\\Container->build('App\\\\Http\\\\Middle...')
#11 /Users/trimuerisandes/PhpstormProjects/devel_exceljewellers/vendor/laravel/framework/src/Illuminate/Container/Container.php(615): Illuminate\\Container\\Container->resolve('App\\\\Http\\\\Middle...', Array)
#12 /Users/trimuerisandes/PhpstormProjects/devel_exceljewellers/vendor/laravel/framework/src/Illuminate/Foundation/Application.php(767): Illuminate\\Container\\Container->make('App\\\\Http\\\\Middle...', Array)
#13 /Users/trimuerisandes/PhpstormProjects/devel_exceljewellers/vendor/laravel/framework/src/Illuminate/Foundation/Http/Kernel.php(215): Illuminate\\Foundation\\Application->make('App\\\\Http\\\\Middle...')
#14 /Users/trimuerisandes/PhpstormProjects/devel_exceljewellers/vendor/laravel/framework/src/Illuminate/Foundation/Http/Kernel.php(189): Illuminate\\Foundation\\Http\\Kernel->terminateMiddleware(Object(Illuminate\\Http\\Request), Object(Illuminate\\Http\\Response))
#15 /Users/trimuerisandes/PhpstormProjects/devel_exceljewellers/public/index.php(60): Illuminate\\Foundation\\Http\\Kernel->terminate(Object(Illuminate\\Http\\Request), Object(Illuminate\\Http\\Response))
#16 /Users/trimuerisandes/PhpstormProjects/devel_exceljewellers/server.php(21): require_once('/Users/trimueri...')
#17 {main}
"} 
[2021-12-20 09:38:36] local.ERROR: No application encryption key has been specified. {"exception":"[object] (RuntimeException(code: 0): No application encryption key has been specified. at /Users/trimuerisandes/PhpstormProjects/devel_exceljewellers/vendor/laravel/framework/src/Illuminate/Encryption/EncryptionServiceProvider.php:44)
[stacktrace]
#0 /Users/trimuerisandes/PhpstormProjects/devel_exceljewellers/vendor/laravel/framework/src/Illuminate/Support/helpers.php(1124): Illuminate\\Encryption\\EncryptionServiceProvider->Illuminate\\Encryption\\{closure}('')
#1 /Users/trimuerisandes/PhpstormProjects/devel_exceljewellers/vendor/laravel/framework/src/Illuminate/Encryption/EncryptionServiceProvider.php(48): tap('', Object(Closure))
#2 /Users/trimuerisandes/PhpstormProjects/devel_exceljewellers/vendor/laravel/framework/src/Illuminate/Encryption/EncryptionServiceProvider.php(24): Illuminate\\Encryption\\EncryptionServiceProvider->key(Array)
#3 /Users/trimuerisandes/PhpstormProjects/devel_exceljewellers/vendor/laravel/framework/src/Illuminate/Container/Container.php(785): Illuminate\\Encryption\\EncryptionServiceProvider->Illuminate\\Encryption\\{closure}(Object(Illuminate\\Foundation\\Application), Array)
#4 /Users/trimuerisandes/PhpstormProjects/devel_exceljewellers/vendor/laravel/framework/src/Illuminate/Container/Container.php(667): Illuminate\\Container\\Container->build(Object(Closure))
#5 /Users/trimuerisandes/PhpstormProjects/devel_exceljewellers/vendor/laravel/framework/src/Illuminate/Container/Container.php(615): Illuminate\\Container\\Container->resolve('encrypter', Array)
#6 /Users/trimuerisandes/PhpstormProjects/devel_exceljewellers/vendor/laravel/framework/src/Illuminate/Foundation/Application.php(767): Illuminate\\Container\\Container->make('encrypter', Array)
#7 /Users/trimuerisandes/PhpstormProjects/devel_exceljewellers/vendor/laravel/framework/src/Illuminate/Container/Container.php(927): Illuminate\\Foundation\\Application->make('encrypter')
#8 /Users/trimuerisandes/PhpstormProjects/devel_exceljewellers/vendor/laravel/framework/src/Illuminate/Container/Container.php(855): Illuminate\\Container\\Container->resolveClass(Object(ReflectionParameter))
#9 /Users/trimuerisandes/PhpstormProjects/devel_exceljewellers/vendor/laravel/framework/src/Illuminate/Container/Container.php(816): Illuminate\\Container\\Container->resolveDependencies(Array)
#10 /Users/trimuerisandes/PhpstormProjects/devel_exceljewellers/vendor/laravel/framework/src/Illuminate/Container/Container.php(667): Illuminate\\Container\\Container->build('App\\\\Http\\\\Middle...')
#11 /Users/trimuerisandes/PhpstormProjects/devel_exceljewellers/vendor/laravel/framework/src/Illuminate/Container/Container.php(615): Illuminate\\Container\\Container->resolve('App\\\\Http\\\\Middle...', Array)
#12 /Users/trimuerisandes/PhpstormProjects/devel_exceljewellers/vendor/laravel/framework/src/Illuminate/Foundation/Application.php(767): Illuminate\\Container\\Container->make('App\\\\Http\\\\Middle...', Array)
#13 /Users/trimuerisandes/PhpstormProjects/devel_exceljewellers/vendor/laravel/framework/src/Illuminate/Pipeline/Pipeline.php(152): Illuminate\\Foundation\\Application->make('App\\\\Http\\\\Middle...')
#14 /Users/trimuerisandes/PhpstormProjects/devel_exceljewellers/vendor/laravel/framework/src/Illuminate/Routing/Pipeline.php(53): Illuminate\\Pipeline\\Pipeline->Illuminate\\Pipeline\\{closure}(Object(Illuminate\\Http\\Request))
#15 /Users/trimuerisandes/PhpstormProjects/devel_exceljewellers/vendor/laravel/framework/src/Illuminate/Pipeline/Pipeline.php(104): Illuminate\\Routing\\Pipeline->Illuminate\\Routing\\{closure}(Object(Illuminate\\Http\\Request))
#16 /Users/trimuerisandes/PhpstormProjects/devel_exceljewellers/vendor/laravel/framework/src/Illuminate/Routing/Router.php(682): Illuminate\\Pipeline\\Pipeline->then(Object(Closure))
#17 /Users/trimuerisandes/PhpstormProjects/devel_exceljewellers/vendor/laravel/framework/src/Illuminate/Routing/Router.php(657): Illuminate\\Routing\\Router->runRouteWithinStack(Object(Illuminate\\Routing\\Route), Object(Illuminate\\Http\\Request))
#18 /Users/trimuerisandes/PhpstormProjects/devel_exceljewellers/vendor/laravel/framework/src/Illuminate/Routing/Router.php(623): Illuminate\\Routing\\Router->runRoute(Object(Illuminate\\Http\\Request), Object(Illuminate\\Routing\\Route))
#19 /Users/trimuerisandes/PhpstormProjects/devel_exceljewellers/vendor/laravel/framework/src/Illuminate/Routing/Router.php(612): Illuminate\\Routing\\Router->dispatchToRoute(Object(Illuminate\\Http\\Request))
#20 /Users/trimuerisandes/PhpstormProjects/devel_exceljewellers/vendor/laravel/framework/src/Illuminate/Foundation/Http/Kernel.php(176): Illuminate\\Routing\\Router->dispatch(Object(Illuminate\\Http\\Request))
#21 /Users/trimuerisandes/PhpstormProjects/devel_exceljewellers/vendor/laravel/framework/src/Illuminate/Routing/Pipeline.php(30): Illuminate\\Foundation\\Http\\Kernel->Illuminate\\Foundation\\Http\\{closure}(Object(Illuminate\\Http\\Request))
#22 /Users/trimuerisandes/PhpstormProjects/devel_exceljewellers/vendor/fideloper/proxy/src/TrustProxies.php(57): Illuminate\\Routing\\Pipeline->Illuminate\\Routing\\{closure}(Object(Illuminate\\Http\\Request))
#23 /Users/trimuerisandes/PhpstormProjects/devel_exceljewellers/vendor/laravel/framework/src/Illuminate/Pipeline/Pipeline.php(163): Fideloper\\Proxy\\TrustProxies->handle(Object(Illuminate\\Http\\Request), Object(Closure))
#24 /Users/trimuerisandes/PhpstormProjects/devel_exceljewellers/vendor/laravel/framework/src/Illuminate/Routing/Pipeline.php(53): Illuminate\\Pipeline\\Pipeline->Illuminate\\Pipeline\\{closure}(Object(Illuminate\\Http\\Request))
#25 /Users/trimuerisandes/PhpstormProjects/devel_exceljewellers/vendor/laravel/framework/src/Illuminate/Foundation/Http/Middleware/TransformsRequest.php(21): Illuminate\\Routing\\Pipeline->Illuminate\\Routing\\{closure}(Object(Illuminate\\Http\\Request))
#26 /Users/trimuerisandes/PhpstormProjects/devel_exceljewellers/vendor/laravel/framework/src/Illuminate/Pipeline/Pipeline.php(163): Illuminate\\Foundation\\Http\\Middleware\\TransformsRequest->handle(Object(Illuminate\\Http\\Request), Object(Closure))
#27 /Users/trimuerisandes/PhpstormProjects/devel_exceljewellers/vendor/laravel/framework/src/Illuminate/Routing/Pipeline.php(53): Illuminate\\Pipeline\\Pipeline->Illuminate\\Pipeline\\{closure}(Object(Illuminate\\Http\\Request))
#28 /Users/trimuerisandes/PhpstormProjects/devel_exceljewellers/vendor/laravel/framework/src/Illuminate/Foundation/Http/Middleware/TransformsRequest.php(21): Illuminate\\Routing\\Pipeline->Illuminate\\Routing\\{closure}(Object(Illuminate\\Http\\Request))
#29 /Users/trimuerisandes/PhpstormProjects/devel_exceljewellers/vendor/laravel/framework/src/Illuminate/Pipeline/Pipeline.php(163): Illuminate\\Foundation\\Http\\Middleware\\TransformsRequest->handle(Object(Illuminate\\Http\\Request), Object(Closure))
#30 /Users/trimuerisandes/PhpstormProjects/devel_exceljewellers/vendor/laravel/framework/src/Illuminate/Routing/Pipeline.php(53): Illuminate\\Pipeline\\Pipeline->Illuminate\\Pipeline\\{closure}(Object(Illuminate\\Http\\Request))
#31 /Users/trimuerisandes/PhpstormProjects/devel_exceljewellers/vendor/laravel/framework/src/Illuminate/Foundation/Http/Middleware/ValidatePostSize.php(27): Illuminate\\Routing\\Pipeline->Illuminate\\Routing\\{closure}(Object(Illuminate\\Http\\Request))
#32 /Users/trimuerisandes/PhpstormProjects/devel_exceljewellers/vendor/laravel/framework/src/Illuminate/Pipeline/Pipeline.php(163): Illuminate\\Foundation\\Http\\Middleware\\ValidatePostSize->handle(Object(Illuminate\\Http\\Request), Object(Closure))
#33 /Users/trimuerisandes/PhpstormProjects/devel_exceljewellers/vendor/laravel/framework/src/Illuminate/Routing/Pipeline.php(53): Illuminate\\Pipeline\\Pipeline->Illuminate\\Pipeline\\{closure}(Object(Illuminate\\Http\\Request))
#34 /Users/trimuerisandes/PhpstormProjects/devel_exceljewellers/vendor/laravel/framework/src/Illuminate/Foundation/Http/Middleware/CheckForMaintenanceMode.php(62): Illuminate\\Routing\\Pipeline->Illuminate\\Routing\\{closure}(Object(Illuminate\\Http\\Request))
#35 /Users/trimuerisandes/PhpstormProjects/devel_exceljewellers/vendor/laravel/framework/src/Illuminate/Pipeline/Pipeline.php(163): Illuminate\\Foundation\\Http\\Middleware\\CheckForMaintenanceMode->handle(Object(Illuminate\\Http\\Request), Object(Closure))
#36 /Users/trimuerisandes/PhpstormProjects/devel_exceljewellers/vendor/laravel/framework/src/Illuminate/Routing/Pipeline.php(53): Illuminate\\Pipeline\\Pipeline->Illuminate\\Pipeline\\{closure}(Object(Illuminate\\Http\\Request))
#37 /Users/trimuerisandes/PhpstormProjects/devel_exceljewellers/vendor/laravel/framework/src/Illuminate/Pipeline/Pipeline.php(104): Illuminate\\Routing\\Pipeline->Illuminate\\Routing\\{closure}(Object(Illuminate\\Http\\Request))
#38 /Users/trimuerisandes/PhpstormProjects/devel_exceljewellers/vendor/laravel/framework/src/Illuminate/Foundation/Http/Kernel.php(151): Illuminate\\Pipeline\\Pipeline->then(Object(Closure))
#39 /Users/trimuerisandes/PhpstormProjects/devel_exceljewellers/vendor/laravel/framework/src/Illuminate/Foundation/Http/Kernel.php(116): Illuminate\\Foundation\\Http\\Kernel->sendRequestThroughRouter(Object(Illuminate\\Http\\Request))
#40 /Users/trimuerisandes/PhpstormProjects/devel_exceljewellers/public/index.php(55): Illuminate\\Foundation\\Http\\Kernel->handle(Object(Illuminate\\Http\\Request))
#41 /Users/trimuerisandes/PhpstormProjects/devel_exceljewellers/server.php(21): require_once('/Users/trimueri...')
#42 {main}
"} 
[2021-12-20 09:38:36] local.ERROR: No application encryption key has been specified. {"exception":"[object] (RuntimeException(code: 0): No application encryption key has been specified. at /Users/trimuerisandes/PhpstormProjects/devel_exceljewellers/vendor/laravel/framework/src/Illuminate/Encryption/EncryptionServiceProvider.php:44)
[stacktrace]
#0 /Users/trimuerisandes/PhpstormProjects/devel_exceljewellers/vendor/laravel/framework/src/Illuminate/Support/helpers.php(1124): Illuminate\\Encryption\\EncryptionServiceProvider->Illuminate\\Encryption\\{closure}('')
#1 /Users/trimuerisandes/PhpstormProjects/devel_exceljewellers/vendor/laravel/framework/src/Illuminate/Encryption/EncryptionServiceProvider.php(48): tap('', Object(Closure))
#2 /Users/trimuerisandes/PhpstormProjects/devel_exceljewellers/vendor/laravel/framework/src/Illuminate/Encryption/EncryptionServiceProvider.php(24): Illuminate\\Encryption\\EncryptionServiceProvider->key(Array)
#3 /Users/trimuerisandes/PhpstormProjects/devel_exceljewellers/vendor/laravel/framework/src/Illuminate/Container/Container.php(785): Illuminate\\Encryption\\EncryptionServiceProvider->Illuminate\\Encryption\\{closure}(Object(Illuminate\\Foundation\\Application), Array)
#4 /Users/trimuerisandes/PhpstormProjects/devel_exceljewellers/vendor/laravel/framework/src/Illuminate/Container/Container.php(667): Illuminate\\Container\\Container->build(Object(Closure))
#5 /Users/trimuerisandes/PhpstormProjects/devel_exceljewellers/vendor/laravel/framework/src/Illuminate/Container/Container.php(615): Illuminate\\Container\\Container->resolve('encrypter', Array)
#6 /Users/trimuerisandes/PhpstormProjects/devel_exceljewellers/vendor/laravel/framework/src/Illuminate/Foundation/Application.php(767): Illuminate\\Container\\Container->make('encrypter', Array)
#7 /Users/trimuerisandes/PhpstormProjects/devel_exceljewellers/vendor/laravel/framework/src/Illuminate/Container/Container.php(927): Illuminate\\Foundation\\Application->make('encrypter')
#8 /Users/trimuerisandes/PhpstormProjects/devel_exceljewellers/vendor/laravel/framework/src/Illuminate/Container/Container.php(855): Illuminate\\Container\\Container->resolveClass(Object(ReflectionParameter))
#9 /Users/trimuerisandes/PhpstormProjects/devel_exceljewellers/vendor/laravel/framework/src/Illuminate/Container/Container.php(816): Illuminate\\Container\\Container->resolveDependencies(Array)
#10 /Users/trimuerisandes/PhpstormProjects/devel_exceljewellers/vendor/laravel/framework/src/Illuminate/Container/Container.php(667): Illuminate\\Container\\Container->build('App\\\\Http\\\\Middle...')
#11 /Users/trimuerisandes/PhpstormProjects/devel_exceljewellers/vendor/laravel/framework/src/Illuminate/Container/Container.php(615): Illuminate\\Container\\Container->resolve('App\\\\Http\\\\Middle...', Array)
#12 /Users/trimuerisandes/PhpstormProjects/devel_exceljewellers/vendor/laravel/framework/src/Illuminate/Foundation/Application.php(767): Illuminate\\Container\\Container->make('App\\\\Http\\\\Middle...', Array)
#13 /Users/trimuerisandes/PhpstormProjects/devel_exceljewellers/vendor/laravel/framework/src/Illuminate/Foundation/Http/Kernel.php(215): Illuminate\\Foundation\\Application->make('App\\\\Http\\\\Middle...')
#14 /Users/trimuerisandes/PhpstormProjects/devel_exceljewellers/vendor/laravel/framework/src/Illuminate/Foundation/Http/Kernel.php(189): Illuminate\\Foundation\\Http\\Kernel->terminateMiddleware(Object(Illuminate\\Http\\Request), Object(Illuminate\\Http\\Response))
#15 /Users/trimuerisandes/PhpstormProjects/devel_exceljewellers/public/index.php(60): Illuminate\\Foundation\\Http\\Kernel->terminate(Object(Illuminate\\Http\\Request), Object(Illuminate\\Http\\Response))
#16 /Users/trimuerisandes/PhpstormProjects/devel_exceljewellers/server.php(21): require_once('/Users/trimueri...')
#17 {main}
"} 
