[2021-12-16 02:50:21] production.ERROR: SQLSTATE[HY000] [2002] Connection refused {"exception":"[object] (Doctrine\\DBAL\\Driver\\PDO\\Exception(code: 2002): SQLSTATE[HY000] [2002] Connection refused at /Users/trimuerisandes/PhpstormProjects/devel_exceljewellers/vendor/doctrine/dbal/lib/Doctrine/DBAL/Driver/PDO/Exception.php:18, PDOException(code: 2002): SQLSTATE[HY000] [2002] Connection refused at /Users/trimuerisandes/PhpstormProjects/devel_exceljewellers/vendor/doctrine/dbal/lib/Doctrine/DBAL/Driver/PDOConnection.php:39)
[stacktrace]
#0 /Users/trimuerisandes/PhpstormProjects/devel_exceljewellers/vendor/doctrine/dbal/lib/Doctrine/DBAL/Driver/PDOConnection.php(43): Doctrine\\DBAL\\Driver\\PDO\\Exception::new(Object(PDOException))
#1 /Users/trimuerisandes/PhpstormProjects/devel_exceljewellers/vendor/laravel/framework/src/Illuminate/Database/Connectors/Connector.php(67): Doctrine\\DBAL\\Driver\\PDOConnection->__construct('mysql:host=127....', 'forge', '', Array)
#2 /Users/trimuerisandes/PhpstormProjects/devel_exceljewellers/vendor/laravel/framework/src/Illuminate/Database/Connectors/Connector.php(46): Illuminate\\Database\\Connectors\\Connector->createPdoConnection('mysql:host=127....', 'forge', '', Array)
#3 /Users/trimuerisandes/PhpstormProjects/devel_exceljewellers/vendor/laravel/framework/src/Illuminate/Database/Connectors/MySqlConnector.php(24): Illuminate\\Database\\Connectors\\Connector->createConnection('mysql:host=127....', Array, Array)
#4 /Users/trimuerisandes/PhpstormProjects/devel_exceljewellers/vendor/laravel/framework/src/Illuminate/Database/Connectors/ConnectionFactory.php(182): Illuminate\\Database\\Connectors\\MySqlConnector->connect(Array)
#5 [internal function]: Illuminate\\Database\\Connectors\\ConnectionFactory->Illuminate\\Database\\Connectors\\{closure}()
#6 /Users/trimuerisandes/PhpstormProjects/devel_exceljewellers/vendor/laravel/framework/src/Illuminate/Database/Connection.php(919): call_user_func(Object(Closure))
#7 /Users/trimuerisandes/PhpstormProjects/devel_exceljewellers/vendor/laravel/framework/src/Illuminate/Database/Connection.php(901): Illuminate\\Database\\Connection->getPdo()
#8 /Users/trimuerisandes/PhpstormProjects/devel_exceljewellers/vendor/larapack/doctrine-support/src/DoctrineSupportServiceProvider.php(55): Illuminate\\Database\\Connection->getDoctrineConnection()
#9 /Users/trimuerisandes/PhpstormProjects/devel_exceljewellers/vendor/larapack/doctrine-support/src/DoctrineSupportServiceProvider.php(35): Larapack\\DoctrineSupport\\DoctrineSupportServiceProvider->addDoctrineTypes(Object(Larapack\\DoctrineSupport\\Connections\\MySqlConnection))
#10 /Users/trimuerisandes/PhpstormProjects/devel_exceljewellers/vendor/laravel/framework/src/Illuminate/Database/Connectors/ConnectionFactory.php(269): Larapack\\DoctrineSupport\\DoctrineSupportServiceProvider->Larapack\\DoctrineSupport\\{closure}(Object(Larapack\\DoctrineSupport\\Connections\\MySqlConnection), 'forge', '', Array)
#11 /Users/trimuerisandes/PhpstormProjects/devel_exceljewellers/vendor/laravel/framework/src/Illuminate/Database/Connectors/ConnectionFactory.php(76): Illuminate\\Database\\Connectors\\ConnectionFactory->createConnection('mysql', Object(Closure), 'forge', '', Array)
#12 /Users/trimuerisandes/PhpstormProjects/devel_exceljewellers/vendor/laravel/framework/src/Illuminate/Database/Connectors/ConnectionFactory.php(50): Illuminate\\Database\\Connectors\\ConnectionFactory->createSingleConnection(Array)
#13 /Users/trimuerisandes/PhpstormProjects/devel_exceljewellers/vendor/laravel/framework/src/Illuminate/Database/DatabaseManager.php(131): Illuminate\\Database\\Connectors\\ConnectionFactory->make(Array, 'mysql')
#14 /Users/trimuerisandes/PhpstormProjects/devel_exceljewellers/vendor/laravel/framework/src/Illuminate/Database/DatabaseManager.php(86): Illuminate\\Database\\DatabaseManager->makeConnection('mysql')
#15 /Users/trimuerisandes/PhpstormProjects/devel_exceljewellers/vendor/laravel/framework/src/Illuminate/Support/Facades/Schema.php(41): Illuminate\\Database\\DatabaseManager->connection()
#16 /Users/trimuerisandes/PhpstormProjects/devel_exceljewellers/vendor/laravel/framework/src/Illuminate/Support/Facades/Facade.php(144): Illuminate\\Support\\Facades\\Schema::getFacadeAccessor()
#17 /Users/trimuerisandes/PhpstormProjects/devel_exceljewellers/vendor/laravel/framework/src/Illuminate/Support/Facades/Facade.php(233): Illuminate\\Support\\Facades\\Facade::getFacadeRoot()
#18 /Users/trimuerisandes/PhpstormProjects/devel_exceljewellers/app/Providers/AppServiceProvider.php(17): Illuminate\\Support\\Facades\\Facade::__callStatic('defaultStringLe...', Array)
#19 /Users/trimuerisandes/PhpstormProjects/devel_exceljewellers/vendor/laravel/framework/src/Illuminate/Foundation/Application.php(607): App\\Providers\\AppServiceProvider->register()
#20 /Users/trimuerisandes/PhpstormProjects/devel_exceljewellers/vendor/laravel/framework/src/Illuminate/Foundation/ProviderRepository.php(75): Illuminate\\Foundation\\Application->register(Object(App\\Providers\\AppServiceProvider))
#21 /Users/trimuerisandes/PhpstormProjects/devel_exceljewellers/vendor/laravel/framework/src/Illuminate/Foundation/Application.php(584): Illuminate\\Foundation\\ProviderRepository->load(Array)
#22 /Users/trimuerisandes/PhpstormProjects/devel_exceljewellers/vendor/laravel/framework/src/Illuminate/Foundation/Bootstrap/RegisterProviders.php(17): Illuminate\\Foundation\\Application->registerConfiguredProviders()
#23 /Users/trimuerisandes/PhpstormProjects/devel_exceljewellers/vendor/laravel/framework/src/Illuminate/Foundation/Application.php(210): Illuminate\\Foundation\\Bootstrap\\RegisterProviders->bootstrap(Object(Illuminate\\Foundation\\Application))
#24 /Users/trimuerisandes/PhpstormProjects/devel_exceljewellers/vendor/laravel/framework/src/Illuminate/Foundation/Console/Kernel.php(322): Illuminate\\Foundation\\Application->bootstrapWith(Array)
#25 /Users/trimuerisandes/PhpstormProjects/devel_exceljewellers/vendor/laravel/framework/src/Illuminate/Foundation/Console/Kernel.php(131): Illuminate\\Foundation\\Console\\Kernel->bootstrap()
#26 /Users/trimuerisandes/PhpstormProjects/devel_exceljewellers/artisan(37): Illuminate\\Foundation\\Console\\Kernel->handle(Object(Symfony\\Component\\Console\\Input\\ArgvInput), Object(Symfony\\Component\\Console\\Output\\ConsoleOutput))
#27 {main}
"} 
[2021-12-16 07:54:01] production.ERROR: SQLSTATE[HY000] [2002] Connection refused {"exception":"[object] (Doctrine\\DBAL\\Driver\\PDO\\Exception(code: 2002): SQLSTATE[HY000] [2002] Connection refused at /Users/trimuerisandes/PhpstormProjects/devel_exceljewellers/vendor/doctrine/dbal/lib/Doctrine/DBAL/Driver/PDO/Exception.php:18, PDOException(code: 2002): SQLSTATE[HY000] [2002] Connection refused at /Users/trimuerisandes/PhpstormProjects/devel_exceljewellers/vendor/doctrine/dbal/lib/Doctrine/DBAL/Driver/PDOConnection.php:39)
[stacktrace]
#0 /Users/trimuerisandes/PhpstormProjects/devel_exceljewellers/vendor/doctrine/dbal/lib/Doctrine/DBAL/Driver/PDOConnection.php(43): Doctrine\\DBAL\\Driver\\PDO\\Exception::new(Object(PDOException))
#1 /Users/trimuerisandes/PhpstormProjects/devel_exceljewellers/vendor/laravel/framework/src/Illuminate/Database/Connectors/Connector.php(67): Doctrine\\DBAL\\Driver\\PDOConnection->__construct('mysql:host=127....', 'forge', '', Array)
#2 /Users/trimuerisandes/PhpstormProjects/devel_exceljewellers/vendor/laravel/framework/src/Illuminate/Database/Connectors/Connector.php(46): Illuminate\\Database\\Connectors\\Connector->createPdoConnection('mysql:host=127....', 'forge', '', Array)
#3 /Users/trimuerisandes/PhpstormProjects/devel_exceljewellers/vendor/laravel/framework/src/Illuminate/Database/Connectors/MySqlConnector.php(24): Illuminate\\Database\\Connectors\\Connector->createConnection('mysql:host=127....', Array, Array)
#4 /Users/trimuerisandes/PhpstormProjects/devel_exceljewellers/vendor/laravel/framework/src/Illuminate/Database/Connectors/ConnectionFactory.php(182): Illuminate\\Database\\Connectors\\MySqlConnector->connect(Array)
#5 [internal function]: Illuminate\\Database\\Connectors\\ConnectionFactory->Illuminate\\Database\\Connectors\\{closure}()
#6 /Users/trimuerisandes/PhpstormProjects/devel_exceljewellers/vendor/laravel/framework/src/Illuminate/Database/Connection.php(919): call_user_func(Object(Closure))
#7 /Users/trimuerisandes/PhpstormProjects/devel_exceljewellers/vendor/laravel/framework/src/Illuminate/Database/Connection.php(901): Illuminate\\Database\\Connection->getPdo()
#8 /Users/trimuerisandes/PhpstormProjects/devel_exceljewellers/vendor/larapack/doctrine-support/src/DoctrineSupportServiceProvider.php(55): Illuminate\\Database\\Connection->getDoctrineConnection()
#9 /Users/trimuerisandes/PhpstormProjects/devel_exceljewellers/vendor/larapack/doctrine-support/src/DoctrineSupportServiceProvider.php(35): Larapack\\DoctrineSupport\\DoctrineSupportServiceProvider->addDoctrineTypes(Object(Larapack\\DoctrineSupport\\Connections\\MySqlConnection))
#10 /Users/trimuerisandes/PhpstormProjects/devel_exceljewellers/vendor/laravel/framework/src/Illuminate/Database/Connectors/ConnectionFactory.php(269): Larapack\\DoctrineSupport\\DoctrineSupportServiceProvider->Larapack\\DoctrineSupport\\{closure}(Object(Larapack\\DoctrineSupport\\Connections\\MySqlConnection), 'forge', '', Array)
#11 /Users/trimuerisandes/PhpstormProjects/devel_exceljewellers/vendor/laravel/framework/src/Illuminate/Database/Connectors/ConnectionFactory.php(76): Illuminate\\Database\\Connectors\\ConnectionFactory->createConnection('mysql', Object(Closure), 'forge', '', Array)
#12 /Users/trimuerisandes/PhpstormProjects/devel_exceljewellers/vendor/laravel/framework/src/Illuminate/Database/Connectors/ConnectionFactory.php(50): Illuminate\\Database\\Connectors\\ConnectionFactory->createSingleConnection(Array)
#13 /Users/trimuerisandes/PhpstormProjects/devel_exceljewellers/vendor/laravel/framework/src/Illuminate/Database/DatabaseManager.php(131): Illuminate\\Database\\Connectors\\ConnectionFactory->make(Array, 'mysql')
#14 /Users/trimuerisandes/PhpstormProjects/devel_exceljewellers/vendor/laravel/framework/src/Illuminate/Database/DatabaseManager.php(86): Illuminate\\Database\\DatabaseManager->makeConnection('mysql')
#15 /Users/trimuerisandes/PhpstormProjects/devel_exceljewellers/vendor/laravel/framework/src/Illuminate/Support/Facades/Schema.php(41): Illuminate\\Database\\DatabaseManager->connection()
#16 /Users/trimuerisandes/PhpstormProjects/devel_exceljewellers/vendor/laravel/framework/src/Illuminate/Support/Facades/Facade.php(144): Illuminate\\Support\\Facades\\Schema::getFacadeAccessor()
#17 /Users/trimuerisandes/PhpstormProjects/devel_exceljewellers/vendor/laravel/framework/src/Illuminate/Support/Facades/Facade.php(233): Illuminate\\Support\\Facades\\Facade::getFacadeRoot()
#18 /Users/trimuerisandes/PhpstormProjects/devel_exceljewellers/app/Providers/AppServiceProvider.php(17): Illuminate\\Support\\Facades\\Facade::__callStatic('defaultStringLe...', Array)
#19 /Users/trimuerisandes/PhpstormProjects/devel_exceljewellers/vendor/laravel/framework/src/Illuminate/Foundation/Application.php(607): App\\Providers\\AppServiceProvider->register()
#20 /Users/trimuerisandes/PhpstormProjects/devel_exceljewellers/vendor/laravel/framework/src/Illuminate/Foundation/ProviderRepository.php(75): Illuminate\\Foundation\\Application->register(Object(App\\Providers\\AppServiceProvider))
#21 /Users/trimuerisandes/PhpstormProjects/devel_exceljewellers/vendor/laravel/framework/src/Illuminate/Foundation/Application.php(584): Illuminate\\Foundation\\ProviderRepository->load(Array)
#22 /Users/trimuerisandes/PhpstormProjects/devel_exceljewellers/vendor/laravel/framework/src/Illuminate/Foundation/Bootstrap/RegisterProviders.php(17): Illuminate\\Foundation\\Application->registerConfiguredProviders()
#23 /Users/trimuerisandes/PhpstormProjects/devel_exceljewellers/vendor/laravel/framework/src/Illuminate/Foundation/Application.php(210): Illuminate\\Foundation\\Bootstrap\\RegisterProviders->bootstrap(Object(Illuminate\\Foundation\\Application))
#24 /Users/trimuerisandes/PhpstormProjects/devel_exceljewellers/vendor/laravel/framework/src/Illuminate/Foundation/Console/Kernel.php(322): Illuminate\\Foundation\\Application->bootstrapWith(Array)
#25 /Users/trimuerisandes/PhpstormProjects/devel_exceljewellers/vendor/laravel/framework/src/Illuminate/Foundation/Console/Kernel.php(131): Illuminate\\Foundation\\Console\\Kernel->bootstrap()
#26 /Users/trimuerisandes/PhpstormProjects/devel_exceljewellers/artisan(37): Illuminate\\Foundation\\Console\\Kernel->handle(Object(Symfony\\Component\\Console\\Input\\ArgvInput), Object(Symfony\\Component\\Console\\Output\\ConsoleOutput))
#27 {main}
"} 
[2021-12-16 07:54:51] production.ERROR: SQLSTATE[HY000] [2002] Connection refused {"exception":"[object] (Doctrine\\DBAL\\Driver\\PDO\\Exception(code: 2002): SQLSTATE[HY000] [2002] Connection refused at /Users/trimuerisandes/PhpstormProjects/devel_exceljewellers/vendor/doctrine/dbal/lib/Doctrine/DBAL/Driver/PDO/Exception.php:18, PDOException(code: 2002): SQLSTATE[HY000] [2002] Connection refused at /Users/trimuerisandes/PhpstormProjects/devel_exceljewellers/vendor/doctrine/dbal/lib/Doctrine/DBAL/Driver/PDOConnection.php:39)
[stacktrace]
#0 /Users/trimuerisandes/PhpstormProjects/devel_exceljewellers/vendor/doctrine/dbal/lib/Doctrine/DBAL/Driver/PDOConnection.php(43): Doctrine\\DBAL\\Driver\\PDO\\Exception::new(Object(PDOException))
#1 /Users/trimuerisandes/PhpstormProjects/devel_exceljewellers/vendor/laravel/framework/src/Illuminate/Database/Connectors/Connector.php(67): Doctrine\\DBAL\\Driver\\PDOConnection->__construct('mysql:host=127....', 'forge', '', Array)
#2 /Users/trimuerisandes/PhpstormProjects/devel_exceljewellers/vendor/laravel/framework/src/Illuminate/Database/Connectors/Connector.php(46): Illuminate\\Database\\Connectors\\Connector->createPdoConnection('mysql:host=127....', 'forge', '', Array)
#3 /Users/trimuerisandes/PhpstormProjects/devel_exceljewellers/vendor/laravel/framework/src/Illuminate/Database/Connectors/MySqlConnector.php(24): Illuminate\\Database\\Connectors\\Connector->createConnection('mysql:host=127....', Array, Array)
#4 /Users/trimuerisandes/PhpstormProjects/devel_exceljewellers/vendor/laravel/framework/src/Illuminate/Database/Connectors/ConnectionFactory.php(182): Illuminate\\Database\\Connectors\\MySqlConnector->connect(Array)
#5 [internal function]: Illuminate\\Database\\Connectors\\ConnectionFactory->Illuminate\\Database\\Connectors\\{closure}()
#6 /Users/trimuerisandes/PhpstormProjects/devel_exceljewellers/vendor/laravel/framework/src/Illuminate/Database/Connection.php(919): call_user_func(Object(Closure))
#7 /Users/trimuerisandes/PhpstormProjects/devel_exceljewellers/vendor/laravel/framework/src/Illuminate/Database/Connection.php(901): Illuminate\\Database\\Connection->getPdo()
#8 /Users/trimuerisandes/PhpstormProjects/devel_exceljewellers/vendor/larapack/doctrine-support/src/DoctrineSupportServiceProvider.php(55): Illuminate\\Database\\Connection->getDoctrineConnection()
#9 /Users/trimuerisandes/PhpstormProjects/devel_exceljewellers/vendor/larapack/doctrine-support/src/DoctrineSupportServiceProvider.php(35): Larapack\\DoctrineSupport\\DoctrineSupportServiceProvider->addDoctrineTypes(Object(Larapack\\DoctrineSupport\\Connections\\MySqlConnection))
#10 /Users/trimuerisandes/PhpstormProjects/devel_exceljewellers/vendor/laravel/framework/src/Illuminate/Database/Connectors/ConnectionFactory.php(269): Larapack\\DoctrineSupport\\DoctrineSupportServiceProvider->Larapack\\DoctrineSupport\\{closure}(Object(Larapack\\DoctrineSupport\\Connections\\MySqlConnection), 'forge', '', Array)
#11 /Users/trimuerisandes/PhpstormProjects/devel_exceljewellers/vendor/laravel/framework/src/Illuminate/Database/Connectors/ConnectionFactory.php(76): Illuminate\\Database\\Connectors\\ConnectionFactory->createConnection('mysql', Object(Closure), 'forge', '', Array)
#12 /Users/trimuerisandes/PhpstormProjects/devel_exceljewellers/vendor/laravel/framework/src/Illuminate/Database/Connectors/ConnectionFactory.php(50): Illuminate\\Database\\Connectors\\ConnectionFactory->createSingleConnection(Array)
#13 /Users/trimuerisandes/PhpstormProjects/devel_exceljewellers/vendor/laravel/framework/src/Illuminate/Database/DatabaseManager.php(131): Illuminate\\Database\\Connectors\\ConnectionFactory->make(Array, 'mysql')
#14 /Users/trimuerisandes/PhpstormProjects/devel_exceljewellers/vendor/laravel/framework/src/Illuminate/Database/DatabaseManager.php(86): Illuminate\\Database\\DatabaseManager->makeConnection('mysql')
#15 /Users/trimuerisandes/PhpstormProjects/devel_exceljewellers/vendor/laravel/framework/src/Illuminate/Support/Facades/Schema.php(41): Illuminate\\Database\\DatabaseManager->connection()
#16 /Users/trimuerisandes/PhpstormProjects/devel_exceljewellers/vendor/laravel/framework/src/Illuminate/Support/Facades/Facade.php(144): Illuminate\\Support\\Facades\\Schema::getFacadeAccessor()
#17 /Users/trimuerisandes/PhpstormProjects/devel_exceljewellers/vendor/laravel/framework/src/Illuminate/Support/Facades/Facade.php(233): Illuminate\\Support\\Facades\\Facade::getFacadeRoot()
#18 /Users/trimuerisandes/PhpstormProjects/devel_exceljewellers/app/Providers/AppServiceProvider.php(17): Illuminate\\Support\\Facades\\Facade::__callStatic('defaultStringLe...', Array)
#19 /Users/trimuerisandes/PhpstormProjects/devel_exceljewellers/vendor/laravel/framework/src/Illuminate/Foundation/Application.php(607): App\\Providers\\AppServiceProvider->register()
#20 /Users/trimuerisandes/PhpstormProjects/devel_exceljewellers/vendor/laravel/framework/src/Illuminate/Foundation/ProviderRepository.php(75): Illuminate\\Foundation\\Application->register(Object(App\\Providers\\AppServiceProvider))
#21 /Users/trimuerisandes/PhpstormProjects/devel_exceljewellers/vendor/laravel/framework/src/Illuminate/Foundation/Application.php(584): Illuminate\\Foundation\\ProviderRepository->load(Array)
#22 /Users/trimuerisandes/PhpstormProjects/devel_exceljewellers/vendor/laravel/framework/src/Illuminate/Foundation/Bootstrap/RegisterProviders.php(17): Illuminate\\Foundation\\Application->registerConfiguredProviders()
#23 /Users/trimuerisandes/PhpstormProjects/devel_exceljewellers/vendor/laravel/framework/src/Illuminate/Foundation/Application.php(210): Illuminate\\Foundation\\Bootstrap\\RegisterProviders->bootstrap(Object(Illuminate\\Foundation\\Application))
#24 /Users/trimuerisandes/PhpstormProjects/devel_exceljewellers/vendor/laravel/framework/src/Illuminate/Foundation/Console/Kernel.php(322): Illuminate\\Foundation\\Application->bootstrapWith(Array)
#25 /Users/trimuerisandes/PhpstormProjects/devel_exceljewellers/vendor/laravel/framework/src/Illuminate/Foundation/Console/Kernel.php(131): Illuminate\\Foundation\\Console\\Kernel->bootstrap()
#26 /Users/trimuerisandes/PhpstormProjects/devel_exceljewellers/artisan(37): Illuminate\\Foundation\\Console\\Kernel->handle(Object(Symfony\\Component\\Console\\Input\\ArgvInput), Object(Symfony\\Component\\Console\\Output\\ConsoleOutput))
#27 {main}
"} 
